{"@timestamp":"2024-12-02T02:29:55.8524071+05:00","@version":"1","message":"Payload generated...","logger_name":"com.poptsov.marketplace.security.JwtService","thread_name":"main","level":"INFO","level_value":20000}
{"@timestamp":"2024-12-02T02:29:55.8654056+05:00","@version":"1","message":"Generating token...","logger_name":"com.poptsov.marketplace.security.JwtService","thread_name":"main","level":"INFO","level_value":20000}
{"@timestamp":"2024-12-02T02:29:55.9314081+05:00","@version":"1","message":"Getting signing key...","logger_name":"com.poptsov.marketplace.security.JwtService","thread_name":"main","level":"INFO","level_value":20000}
{"@timestamp":"2024-12-02T02:29:56.0404064+05:00","@version":"1","message":"Token generated for user: Test Username","logger_name":"com.poptsov.marketplace.security.JwtService","thread_name":"main","level":"INFO","level_value":20000}
{"@timestamp":"2024-12-02T02:29:56.0424037+05:00","@version":"1","message":"Extracting claim...","logger_name":"com.poptsov.marketplace.security.JwtService","thread_name":"main","level":"INFO","level_value":20000}
{"@timestamp":"2024-12-02T02:29:56.0424037+05:00","@version":"1","message":"Extracting all claims...","logger_name":"com.poptsov.marketplace.security.JwtService","thread_name":"main","level":"INFO","level_value":20000}
{"@timestamp":"2024-12-02T02:29:56.0684043+05:00","@version":"1","message":"Getting signing key...","logger_name":"com.poptsov.marketplace.security.JwtService","thread_name":"main","level":"INFO","level_value":20000}
{"@timestamp":"2024-12-02T02:29:56.1224054+05:00","@version":"1","message":"Checking if token is valid...","logger_name":"com.poptsov.marketplace.security.JwtService","thread_name":"main","level":"INFO","level_value":20000}
{"@timestamp":"2024-12-02T02:29:56.1224054+05:00","@version":"1","message":"Extracting claim...","logger_name":"com.poptsov.marketplace.security.JwtService","thread_name":"main","level":"INFO","level_value":20000}
{"@timestamp":"2024-12-02T02:29:56.1224054+05:00","@version":"1","message":"Extracting all claims...","logger_name":"com.poptsov.marketplace.security.JwtService","thread_name":"main","level":"INFO","level_value":20000}
{"@timestamp":"2024-12-02T02:29:56.1224054+05:00","@version":"1","message":"Getting signing key...","logger_name":"com.poptsov.marketplace.security.JwtService","thread_name":"main","level":"INFO","level_value":20000}
{"@timestamp":"2024-12-02T02:29:56.1244042+05:00","@version":"1","message":"Checking if token is expired...","logger_name":"com.poptsov.marketplace.security.JwtService","thread_name":"main","level":"INFO","level_value":20000}
{"@timestamp":"2024-12-02T02:29:56.1244042+05:00","@version":"1","message":"Extracting expiration date...","logger_name":"com.poptsov.marketplace.security.JwtService","thread_name":"main","level":"INFO","level_value":20000}
{"@timestamp":"2024-12-02T02:29:56.1244042+05:00","@version":"1","message":"Extracting claim...","logger_name":"com.poptsov.marketplace.security.JwtService","thread_name":"main","level":"INFO","level_value":20000}
{"@timestamp":"2024-12-02T02:29:56.1244042+05:00","@version":"1","message":"Extracting all claims...","logger_name":"com.poptsov.marketplace.security.JwtService","thread_name":"main","level":"INFO","level_value":20000}
{"@timestamp":"2024-12-02T02:29:56.1254029+05:00","@version":"1","message":"Getting signing key...","logger_name":"com.poptsov.marketplace.security.JwtService","thread_name":"main","level":"INFO","level_value":20000}
{"@timestamp":"2024-12-02T02:29:56.1254029+05:00","@version":"1","message":"Is token valid = true","logger_name":"com.poptsov.marketplace.security.JwtService","thread_name":"main","level":"INFO","level_value":20000}
{"@timestamp":"2024-12-02T03:31:14.8794051+05:00","@version":"1","message":"Payload generated...","logger_name":"com.poptsov.marketplace.security.JwtService","thread_name":"main","level":"INFO","level_value":20000}
{"@timestamp":"2024-12-02T03:31:14.8914118+05:00","@version":"1","message":"Generating token...","logger_name":"com.poptsov.marketplace.security.JwtService","thread_name":"main","level":"INFO","level_value":20000}
{"@timestamp":"2024-12-02T03:31:14.9474131+05:00","@version":"1","message":"Getting signing key...","logger_name":"com.poptsov.marketplace.security.JwtService","thread_name":"main","level":"INFO","level_value":20000}
{"@timestamp":"2024-12-02T03:31:15.0454091+05:00","@version":"1","message":"Token generated for user: Test Username","logger_name":"com.poptsov.marketplace.security.JwtService","thread_name":"main","level":"INFO","level_value":20000}
{"@timestamp":"2024-12-02T03:31:15.0484105+05:00","@version":"1","message":"Checking if token is valid...","logger_name":"com.poptsov.marketplace.security.JwtService","thread_name":"main","level":"INFO","level_value":20000}
{"@timestamp":"2024-12-02T03:31:15.0484105+05:00","@version":"1","message":"Extracting claim...","logger_name":"com.poptsov.marketplace.security.JwtService","thread_name":"main","level":"INFO","level_value":20000}
{"@timestamp":"2024-12-02T03:31:15.0484105+05:00","@version":"1","message":"Extracting all claims...","logger_name":"com.poptsov.marketplace.security.JwtService","thread_name":"main","level":"INFO","level_value":20000}
{"@timestamp":"2024-12-02T03:31:15.0674108+05:00","@version":"1","message":"Getting signing key...","logger_name":"com.poptsov.marketplace.security.JwtService","thread_name":"main","level":"INFO","level_value":20000}
{"@timestamp":"2024-12-02T03:31:15.111407+05:00","@version":"1","message":"Checking if token is expired...","logger_name":"com.poptsov.marketplace.security.JwtService","thread_name":"main","level":"INFO","level_value":20000}
{"@timestamp":"2024-12-02T03:31:15.111407+05:00","@version":"1","message":"Extracting expiration date...","logger_name":"com.poptsov.marketplace.security.JwtService","thread_name":"main","level":"INFO","level_value":20000}
{"@timestamp":"2024-12-02T03:31:15.112408+05:00","@version":"1","message":"Extracting claim...","logger_name":"com.poptsov.marketplace.security.JwtService","thread_name":"main","level":"INFO","level_value":20000}
{"@timestamp":"2024-12-02T03:31:15.112408+05:00","@version":"1","message":"Extracting all claims...","logger_name":"com.poptsov.marketplace.security.JwtService","thread_name":"main","level":"INFO","level_value":20000}
{"@timestamp":"2024-12-02T03:31:15.112408+05:00","@version":"1","message":"Getting signing key...","logger_name":"com.poptsov.marketplace.security.JwtService","thread_name":"main","level":"INFO","level_value":20000}
{"@timestamp":"2024-12-02T03:31:15.1134067+05:00","@version":"1","message":"Is token valid = true","logger_name":"com.poptsov.marketplace.security.JwtService","thread_name":"main","level":"INFO","level_value":20000}
{"@timestamp":"2024-12-02T03:37:09.5100387+05:00","@version":"1","message":"Payload generated...","logger_name":"com.poptsov.marketplace.security.JwtService","thread_name":"main","level":"INFO","level_value":20000}
{"@timestamp":"2024-12-02T03:37:09.5920374+05:00","@version":"1","message":"Getting signing key...","logger_name":"com.poptsov.marketplace.security.JwtService","thread_name":"main","level":"INFO","level_value":20000}
{"@timestamp":"2024-12-02T03:37:09.6860387+05:00","@version":"1","message":"Expired token generated for user: Test Username","logger_name":"com.poptsov.marketplace.security.JwtService","thread_name":"main","level":"INFO","level_value":20000}
{"@timestamp":"2024-12-02T03:37:09.6880355+05:00","@version":"1","message":"Checking if token is valid...","logger_name":"com.poptsov.marketplace.security.JwtService","thread_name":"main","level":"INFO","level_value":20000}
{"@timestamp":"2024-12-02T03:37:09.6890358+05:00","@version":"1","message":"Extracting claim...","logger_name":"com.poptsov.marketplace.security.JwtService","thread_name":"main","level":"INFO","level_value":20000}
{"@timestamp":"2024-12-02T03:37:09.6890358+05:00","@version":"1","message":"Extracting all claims...","logger_name":"com.poptsov.marketplace.security.JwtService","thread_name":"main","level":"INFO","level_value":20000}
{"@timestamp":"2024-12-02T03:37:09.7120403+05:00","@version":"1","message":"Getting signing key...","logger_name":"com.poptsov.marketplace.security.JwtService","thread_name":"main","level":"INFO","level_value":20000}
{"@timestamp":"2024-12-02T03:37:09.7560382+05:00","@version":"1","message":"Failed to extract claims from token: JWT expired 754 milliseconds ago at 2024-12-01T22:37:09.000Z. Current time: 2024-12-01T22:37:09.754Z. Allowed clock skew: 0 milliseconds.","logger_name":"com.poptsov.marketplace.security.JwtService","thread_name":"main","level":"ERROR","level_value":40000}
{"@timestamp":"2024-12-02T03:39:01.970514+05:00","@version":"1","message":"Payload generated...","logger_name":"com.poptsov.marketplace.security.JwtService","thread_name":"main","level":"INFO","level_value":20000}
{"@timestamp":"2024-12-02T03:39:02.0385185+05:00","@version":"1","message":"Getting signing key...","logger_name":"com.poptsov.marketplace.security.JwtService","thread_name":"main","level":"INFO","level_value":20000}
{"@timestamp":"2024-12-02T03:39:02.127514+05:00","@version":"1","message":"Expired token generated for user: Test Username","logger_name":"com.poptsov.marketplace.security.JwtService","thread_name":"main","level":"INFO","level_value":20000}
{"@timestamp":"2024-12-02T03:39:02.129514+05:00","@version":"1","message":"Checking if token is expired...","logger_name":"com.poptsov.marketplace.security.JwtService","thread_name":"main","level":"INFO","level_value":20000}
{"@timestamp":"2024-12-02T03:39:02.129514+05:00","@version":"1","message":"Extracting expiration date...","logger_name":"com.poptsov.marketplace.security.JwtService","thread_name":"main","level":"INFO","level_value":20000}
{"@timestamp":"2024-12-02T03:39:02.129514+05:00","@version":"1","message":"Extracting claim...","logger_name":"com.poptsov.marketplace.security.JwtService","thread_name":"main","level":"INFO","level_value":20000}
{"@timestamp":"2024-12-02T03:39:02.129514+05:00","@version":"1","message":"Extracting all claims...","logger_name":"com.poptsov.marketplace.security.JwtService","thread_name":"main","level":"INFO","level_value":20000}
{"@timestamp":"2024-12-02T03:39:02.1515111+05:00","@version":"1","message":"Getting signing key...","logger_name":"com.poptsov.marketplace.security.JwtService","thread_name":"main","level":"INFO","level_value":20000}
{"@timestamp":"2024-12-02T03:39:02.1935191+05:00","@version":"1","message":"Failed to extract claims from token: JWT expired 191 milliseconds ago at 2024-12-01T22:39:02.000Z. Current time: 2024-12-01T22:39:02.191Z. Allowed clock skew: 0 milliseconds.","logger_name":"com.poptsov.marketplace.security.JwtService","thread_name":"main","level":"ERROR","level_value":40000}
{"@timestamp":"2024-12-02T03:40:34.5396125+05:00","@version":"1","message":"Getting signing key...","logger_name":"com.poptsov.marketplace.security.JwtService","thread_name":"main","level":"INFO","level_value":20000}
{"@timestamp":"2024-12-02T03:40:34.6686136+05:00","@version":"1","message":"Checking if token is expired...","logger_name":"com.poptsov.marketplace.security.JwtService","thread_name":"main","level":"INFO","level_value":20000}
{"@timestamp":"2024-12-02T03:40:34.669617+05:00","@version":"1","message":"Extracting expiration date...","logger_name":"com.poptsov.marketplace.security.JwtService","thread_name":"main","level":"INFO","level_value":20000}
{"@timestamp":"2024-12-02T03:40:34.669617+05:00","@version":"1","message":"Extracting claim...","logger_name":"com.poptsov.marketplace.security.JwtService","thread_name":"main","level":"INFO","level_value":20000}
{"@timestamp":"2024-12-02T03:40:34.669617+05:00","@version":"1","message":"Extracting all claims...","logger_name":"com.poptsov.marketplace.security.JwtService","thread_name":"main","level":"INFO","level_value":20000}
{"@timestamp":"2024-12-02T03:40:34.6906109+05:00","@version":"1","message":"Getting signing key...","logger_name":"com.poptsov.marketplace.security.JwtService","thread_name":"main","level":"INFO","level_value":20000}
{"@timestamp":"2024-12-02T03:40:34.7326101+05:00","@version":"1","message":"Failed to extract claims from token: JWT expired 731 milliseconds ago at 2024-12-01T22:40:34.000Z. Current time: 2024-12-01T22:40:34.731Z. Allowed clock skew: 0 milliseconds.","logger_name":"com.poptsov.marketplace.security.JwtService","thread_name":"main","level":"ERROR","level_value":40000}
{"@timestamp":"2024-12-02T03:44:22.1183507+05:00","@version":"1","message":"Payload generated...","logger_name":"com.poptsov.marketplace.security.JwtService","thread_name":"main","level":"INFO","level_value":20000}
{"@timestamp":"2024-12-02T03:44:22.13035+05:00","@version":"1","message":"Generating token...","logger_name":"com.poptsov.marketplace.security.JwtService","thread_name":"main","level":"INFO","level_value":20000}
{"@timestamp":"2024-12-02T03:44:22.1843515+05:00","@version":"1","message":"Getting signing key...","logger_name":"com.poptsov.marketplace.security.JwtService","thread_name":"main","level":"INFO","level_value":20000}
{"@timestamp":"2024-12-02T03:44:22.2683503+05:00","@version":"1","message":"Token generated for user: Test Username","logger_name":"com.poptsov.marketplace.security.JwtService","thread_name":"main","level":"INFO","level_value":20000}
{"@timestamp":"2024-12-02T03:44:22.2703505+05:00","@version":"1","message":"Checking if token is valid...","logger_name":"com.poptsov.marketplace.security.JwtService","thread_name":"main","level":"INFO","level_value":20000}
{"@timestamp":"2024-12-02T03:44:22.2703505+05:00","@version":"1","message":"Extracting claim...","logger_name":"com.poptsov.marketplace.security.JwtService","thread_name":"main","level":"INFO","level_value":20000}
{"@timestamp":"2024-12-02T03:44:22.2703505+05:00","@version":"1","message":"Extracting all claims...","logger_name":"com.poptsov.marketplace.security.JwtService","thread_name":"main","level":"INFO","level_value":20000}
{"@timestamp":"2024-12-02T03:44:22.2863508+05:00","@version":"1","message":"Getting signing key...","logger_name":"com.poptsov.marketplace.security.JwtService","thread_name":"main","level":"INFO","level_value":20000}
{"@timestamp":"2024-12-02T03:44:22.3293542+05:00","@version":"1","message":"Checking if token is expired...","logger_name":"com.poptsov.marketplace.security.JwtService","thread_name":"main","level":"INFO","level_value":20000}
{"@timestamp":"2024-12-02T03:44:22.3303551+05:00","@version":"1","message":"Extracting expiration date...","logger_name":"com.poptsov.marketplace.security.JwtService","thread_name":"main","level":"INFO","level_value":20000}
{"@timestamp":"2024-12-02T03:44:22.3303551+05:00","@version":"1","message":"Extracting claim...","logger_name":"com.poptsov.marketplace.security.JwtService","thread_name":"main","level":"INFO","level_value":20000}
{"@timestamp":"2024-12-02T03:44:22.3303551+05:00","@version":"1","message":"Extracting all claims...","logger_name":"com.poptsov.marketplace.security.JwtService","thread_name":"main","level":"INFO","level_value":20000}
{"@timestamp":"2024-12-02T03:44:22.3303551+05:00","@version":"1","message":"Getting signing key...","logger_name":"com.poptsov.marketplace.security.JwtService","thread_name":"main","level":"INFO","level_value":20000}
{"@timestamp":"2024-12-02T03:44:22.3323524+05:00","@version":"1","message":"Is token valid = true","logger_name":"com.poptsov.marketplace.security.JwtService","thread_name":"main","level":"INFO","level_value":20000}
{"@timestamp":"2024-12-02T03:44:22.3573526+05:00","@version":"1","message":"Payload generated...","logger_name":"com.poptsov.marketplace.security.JwtService","thread_name":"main","level":"INFO","level_value":20000}
{"@timestamp":"2024-12-02T03:44:22.3573526+05:00","@version":"1","message":"Generating token...","logger_name":"com.poptsov.marketplace.security.JwtService","thread_name":"main","level":"INFO","level_value":20000}
{"@timestamp":"2024-12-02T03:44:22.3583533+05:00","@version":"1","message":"Getting signing key...","logger_name":"com.poptsov.marketplace.security.JwtService","thread_name":"main","level":"INFO","level_value":20000}
{"@timestamp":"2024-12-02T03:44:22.359357+05:00","@version":"1","message":"Token generated for user: Test Username","logger_name":"com.poptsov.marketplace.security.JwtService","thread_name":"main","level":"INFO","level_value":20000}
{"@timestamp":"2024-12-02T03:44:22.359357+05:00","@version":"1","message":"Extracting claim...","logger_name":"com.poptsov.marketplace.security.JwtService","thread_name":"main","level":"INFO","level_value":20000}
{"@timestamp":"2024-12-02T03:44:22.359357+05:00","@version":"1","message":"Extracting all claims...","logger_name":"com.poptsov.marketplace.security.JwtService","thread_name":"main","level":"INFO","level_value":20000}
{"@timestamp":"2024-12-02T03:44:22.359357+05:00","@version":"1","message":"Getting signing key...","logger_name":"com.poptsov.marketplace.security.JwtService","thread_name":"main","level":"INFO","level_value":20000}
{"@timestamp":"2024-12-02T03:44:22.3683521+05:00","@version":"1","message":"Checking if token is valid...","logger_name":"com.poptsov.marketplace.security.JwtService","thread_name":"main","level":"INFO","level_value":20000}
{"@timestamp":"2024-12-02T03:44:22.3683521+05:00","@version":"1","message":"Extracting claim...","logger_name":"com.poptsov.marketplace.security.JwtService","thread_name":"main","level":"INFO","level_value":20000}
{"@timestamp":"2024-12-02T03:44:22.3683521+05:00","@version":"1","message":"Extracting all claims...","logger_name":"com.poptsov.marketplace.security.JwtService","thread_name":"main","level":"INFO","level_value":20000}
{"@timestamp":"2024-12-02T03:44:22.3683521+05:00","@version":"1","message":"Getting signing key...","logger_name":"com.poptsov.marketplace.security.JwtService","thread_name":"main","level":"INFO","level_value":20000}
{"@timestamp":"2024-12-02T03:44:22.3693512+05:00","@version":"1","message":"Failed to extract claims from token: Invalid compact JWT string: Compact JWSs must contain exactly 2 period characters, and compact JWEs must contain exactly 4.  Found: 1","logger_name":"com.poptsov.marketplace.security.JwtService","thread_name":"main","level":"ERROR","level_value":40000}
{"@timestamp":"2024-12-02T03:44:22.3853529+05:00","@version":"1","message":"Payload generated...","logger_name":"com.poptsov.marketplace.security.JwtService","thread_name":"main","level":"INFO","level_value":20000}
{"@timestamp":"2024-12-02T03:44:22.3853529+05:00","@version":"1","message":"Generating token...","logger_name":"com.poptsov.marketplace.security.JwtService","thread_name":"main","level":"INFO","level_value":20000}
{"@timestamp":"2024-12-02T03:44:22.3853529+05:00","@version":"1","message":"Getting signing key...","logger_name":"com.poptsov.marketplace.security.JwtService","thread_name":"main","level":"INFO","level_value":20000}
{"@timestamp":"2024-12-02T03:44:22.3863523+05:00","@version":"1","message":"Token generated for user: Test Username","logger_name":"com.poptsov.marketplace.security.JwtService","thread_name":"main","level":"INFO","level_value":20000}
{"@timestamp":"2024-12-02T03:44:22.387351+05:00","@version":"1","message":"Extracting claim...","logger_name":"com.poptsov.marketplace.security.JwtService","thread_name":"main","level":"INFO","level_value":20000}
{"@timestamp":"2024-12-02T03:44:22.387351+05:00","@version":"1","message":"Extracting all claims...","logger_name":"com.poptsov.marketplace.security.JwtService","thread_name":"main","level":"INFO","level_value":20000}
{"@timestamp":"2024-12-02T03:44:22.387351+05:00","@version":"1","message":"Getting signing key...","logger_name":"com.poptsov.marketplace.security.JwtService","thread_name":"main","level":"INFO","level_value":20000}
{"@timestamp":"2024-12-02T03:44:22.3883507+05:00","@version":"1","message":"Checking if token is valid...","logger_name":"com.poptsov.marketplace.security.JwtService","thread_name":"main","level":"INFO","level_value":20000}
{"@timestamp":"2024-12-02T03:44:22.3893509+05:00","@version":"1","message":"Extracting claim...","logger_name":"com.poptsov.marketplace.security.JwtService","thread_name":"main","level":"INFO","level_value":20000}
{"@timestamp":"2024-12-02T03:44:22.3893509+05:00","@version":"1","message":"Extracting all claims...","logger_name":"com.poptsov.marketplace.security.JwtService","thread_name":"main","level":"INFO","level_value":20000}
{"@timestamp":"2024-12-02T03:44:22.3893509+05:00","@version":"1","message":"Getting signing key...","logger_name":"com.poptsov.marketplace.security.JwtService","thread_name":"main","level":"INFO","level_value":20000}
{"@timestamp":"2024-12-02T03:44:22.3903542+05:00","@version":"1","message":"Checking if token is expired...","logger_name":"com.poptsov.marketplace.security.JwtService","thread_name":"main","level":"INFO","level_value":20000}
{"@timestamp":"2024-12-02T03:44:22.3913522+05:00","@version":"1","message":"Extracting expiration date...","logger_name":"com.poptsov.marketplace.security.JwtService","thread_name":"main","level":"INFO","level_value":20000}
{"@timestamp":"2024-12-02T03:44:22.3913522+05:00","@version":"1","message":"Extracting claim...","logger_name":"com.poptsov.marketplace.security.JwtService","thread_name":"main","level":"INFO","level_value":20000}
{"@timestamp":"2024-12-02T03:44:22.3913522+05:00","@version":"1","message":"Extracting all claims...","logger_name":"com.poptsov.marketplace.security.JwtService","thread_name":"main","level":"INFO","level_value":20000}
{"@timestamp":"2024-12-02T03:44:22.3913522+05:00","@version":"1","message":"Getting signing key...","logger_name":"com.poptsov.marketplace.security.JwtService","thread_name":"main","level":"INFO","level_value":20000}
{"@timestamp":"2024-12-02T03:44:22.3923529+05:00","@version":"1","message":"Is token valid = true","logger_name":"com.poptsov.marketplace.security.JwtService","thread_name":"main","level":"INFO","level_value":20000}
{"@timestamp":"2024-12-02T03:47:39.9525919+05:00","@version":"1","message":"Payload generated...","logger_name":"com.poptsov.marketplace.security.JwtService","thread_name":"main","level":"INFO","level_value":20000}
{"@timestamp":"2024-12-02T03:47:39.9635961+05:00","@version":"1","message":"Generating token...","logger_name":"com.poptsov.marketplace.security.JwtService","thread_name":"main","level":"INFO","level_value":20000}
{"@timestamp":"2024-12-02T03:47:40.0195995+05:00","@version":"1","message":"Getting signing key...","logger_name":"com.poptsov.marketplace.security.JwtService","thread_name":"main","level":"INFO","level_value":20000}
{"@timestamp":"2024-12-02T03:47:40.1105958+05:00","@version":"1","message":"Token generated for user: Test Username","logger_name":"com.poptsov.marketplace.security.JwtService","thread_name":"main","level":"INFO","level_value":20000}
{"@timestamp":"2024-12-02T03:47:40.1125969+05:00","@version":"1","message":"Checking if token is valid...","logger_name":"com.poptsov.marketplace.security.JwtService","thread_name":"main","level":"INFO","level_value":20000}
{"@timestamp":"2024-12-02T03:47:40.1135948+05:00","@version":"1","message":"Extracting claim...","logger_name":"com.poptsov.marketplace.security.JwtService","thread_name":"main","level":"INFO","level_value":20000}
{"@timestamp":"2024-12-02T03:47:40.1135948+05:00","@version":"1","message":"Extracting all claims...","logger_name":"com.poptsov.marketplace.security.JwtService","thread_name":"main","level":"INFO","level_value":20000}
{"@timestamp":"2024-12-02T03:47:40.1325939+05:00","@version":"1","message":"Getting signing key...","logger_name":"com.poptsov.marketplace.security.JwtService","thread_name":"main","level":"INFO","level_value":20000}
{"@timestamp":"2024-12-02T03:47:40.1775963+05:00","@version":"1","message":"Checking if token is expired...","logger_name":"com.poptsov.marketplace.security.JwtService","thread_name":"main","level":"INFO","level_value":20000}
{"@timestamp":"2024-12-02T03:47:40.178594+05:00","@version":"1","message":"Extracting expiration date...","logger_name":"com.poptsov.marketplace.security.JwtService","thread_name":"main","level":"INFO","level_value":20000}
{"@timestamp":"2024-12-02T03:47:40.178594+05:00","@version":"1","message":"Extracting claim...","logger_name":"com.poptsov.marketplace.security.JwtService","thread_name":"main","level":"INFO","level_value":20000}
{"@timestamp":"2024-12-02T03:47:40.178594+05:00","@version":"1","message":"Extracting all claims...","logger_name":"com.poptsov.marketplace.security.JwtService","thread_name":"main","level":"INFO","level_value":20000}
{"@timestamp":"2024-12-02T03:47:40.1795955+05:00","@version":"1","message":"Getting signing key...","logger_name":"com.poptsov.marketplace.security.JwtService","thread_name":"main","level":"INFO","level_value":20000}
{"@timestamp":"2024-12-02T03:47:40.1805975+05:00","@version":"1","message":"Is token valid = true","logger_name":"com.poptsov.marketplace.security.JwtService","thread_name":"main","level":"INFO","level_value":20000}
{"@timestamp":"2024-12-02T03:47:40.200599+05:00","@version":"1","message":"Payload generated...","logger_name":"com.poptsov.marketplace.security.JwtService","thread_name":"main","level":"INFO","level_value":20000}
{"@timestamp":"2024-12-02T03:47:40.200599+05:00","@version":"1","message":"Generating token...","logger_name":"com.poptsov.marketplace.security.JwtService","thread_name":"main","level":"INFO","level_value":20000}
{"@timestamp":"2024-12-02T03:47:40.200599+05:00","@version":"1","message":"Getting signing key...","logger_name":"com.poptsov.marketplace.security.JwtService","thread_name":"main","level":"INFO","level_value":20000}
{"@timestamp":"2024-12-02T03:47:40.2015969+05:00","@version":"1","message":"Token generated for user: Test Username","logger_name":"com.poptsov.marketplace.security.JwtService","thread_name":"main","level":"INFO","level_value":20000}
{"@timestamp":"2024-12-02T03:47:40.2015969+05:00","@version":"1","message":"Extracting claim...","logger_name":"com.poptsov.marketplace.security.JwtService","thread_name":"main","level":"INFO","level_value":20000}
{"@timestamp":"2024-12-02T03:47:40.2015969+05:00","@version":"1","message":"Extracting all claims...","logger_name":"com.poptsov.marketplace.security.JwtService","thread_name":"main","level":"INFO","level_value":20000}
{"@timestamp":"2024-12-02T03:47:40.2025976+05:00","@version":"1","message":"Getting signing key...","logger_name":"com.poptsov.marketplace.security.JwtService","thread_name":"main","level":"INFO","level_value":20000}
{"@timestamp":"2024-12-02T03:47:40.2115975+05:00","@version":"1","message":"Checking if token is valid...","logger_name":"com.poptsov.marketplace.security.JwtService","thread_name":"main","level":"INFO","level_value":20000}
{"@timestamp":"2024-12-02T03:47:40.2115975+05:00","@version":"1","message":"Extracting claim...","logger_name":"com.poptsov.marketplace.security.JwtService","thread_name":"main","level":"INFO","level_value":20000}
{"@timestamp":"2024-12-02T03:47:40.2115975+05:00","@version":"1","message":"Extracting all claims...","logger_name":"com.poptsov.marketplace.security.JwtService","thread_name":"main","level":"INFO","level_value":20000}
{"@timestamp":"2024-12-02T03:47:40.2115975+05:00","@version":"1","message":"Getting signing key...","logger_name":"com.poptsov.marketplace.security.JwtService","thread_name":"main","level":"INFO","level_value":20000}
{"@timestamp":"2024-12-02T03:47:40.2115975+05:00","@version":"1","message":"Failed to extract claims from token: Invalid compact JWT string: Compact JWSs must contain exactly 2 period characters, and compact JWEs must contain exactly 4.  Found: 1","logger_name":"com.poptsov.marketplace.security.JwtService","thread_name":"main","level":"ERROR","level_value":40000}
{"@timestamp":"2024-12-02T03:47:40.2165955+05:00","@version":"1","message":"Payload generated...","logger_name":"com.poptsov.marketplace.security.JwtService","thread_name":"main","level":"INFO","level_value":20000}
{"@timestamp":"2024-12-02T03:47:40.2165955+05:00","@version":"1","message":"Generating token...","logger_name":"com.poptsov.marketplace.security.JwtService","thread_name":"main","level":"INFO","level_value":20000}
{"@timestamp":"2024-12-02T03:47:40.2175949+05:00","@version":"1","message":"Getting signing key...","logger_name":"com.poptsov.marketplace.security.JwtService","thread_name":"main","level":"INFO","level_value":20000}
{"@timestamp":"2024-12-02T03:47:40.2185934+05:00","@version":"1","message":"Token generated for user: Test Username","logger_name":"com.poptsov.marketplace.security.JwtService","thread_name":"main","level":"INFO","level_value":20000}
{"@timestamp":"2024-12-02T03:47:40.2185934+05:00","@version":"1","message":"Extracting claim...","logger_name":"com.poptsov.marketplace.security.JwtService","thread_name":"main","level":"INFO","level_value":20000}
{"@timestamp":"2024-12-02T03:47:40.2185934+05:00","@version":"1","message":"Extracting all claims...","logger_name":"com.poptsov.marketplace.security.JwtService","thread_name":"main","level":"INFO","level_value":20000}
{"@timestamp":"2024-12-02T03:47:40.2185934+05:00","@version":"1","message":"Getting signing key...","logger_name":"com.poptsov.marketplace.security.JwtService","thread_name":"main","level":"INFO","level_value":20000}
{"@timestamp":"2024-12-02T03:47:40.2205945+05:00","@version":"1","message":"Checking if token is valid...","logger_name":"com.poptsov.marketplace.security.JwtService","thread_name":"main","level":"INFO","level_value":20000}
{"@timestamp":"2024-12-02T03:47:40.2205945+05:00","@version":"1","message":"Extracting claim...","logger_name":"com.poptsov.marketplace.security.JwtService","thread_name":"main","level":"INFO","level_value":20000}
{"@timestamp":"2024-12-02T03:47:40.2205945+05:00","@version":"1","message":"Extracting all claims...","logger_name":"com.poptsov.marketplace.security.JwtService","thread_name":"main","level":"INFO","level_value":20000}
{"@timestamp":"2024-12-02T03:47:40.2215957+05:00","@version":"1","message":"Getting signing key...","logger_name":"com.poptsov.marketplace.security.JwtService","thread_name":"main","level":"INFO","level_value":20000}
{"@timestamp":"2024-12-02T03:47:40.2225947+05:00","@version":"1","message":"Checking if token is expired...","logger_name":"com.poptsov.marketplace.security.JwtService","thread_name":"main","level":"INFO","level_value":20000}
{"@timestamp":"2024-12-02T03:47:40.2225947+05:00","@version":"1","message":"Extracting expiration date...","logger_name":"com.poptsov.marketplace.security.JwtService","thread_name":"main","level":"INFO","level_value":20000}
{"@timestamp":"2024-12-02T03:47:40.223595+05:00","@version":"1","message":"Extracting claim...","logger_name":"com.poptsov.marketplace.security.JwtService","thread_name":"main","level":"INFO","level_value":20000}
{"@timestamp":"2024-12-02T03:47:40.223595+05:00","@version":"1","message":"Extracting all claims...","logger_name":"com.poptsov.marketplace.security.JwtService","thread_name":"main","level":"INFO","level_value":20000}
{"@timestamp":"2024-12-02T03:47:40.223595+05:00","@version":"1","message":"Getting signing key...","logger_name":"com.poptsov.marketplace.security.JwtService","thread_name":"main","level":"INFO","level_value":20000}
{"@timestamp":"2024-12-02T03:47:40.2245972+05:00","@version":"1","message":"Is token valid = true","logger_name":"com.poptsov.marketplace.security.JwtService","thread_name":"main","level":"INFO","level_value":20000}
{"@timestamp":"2024-12-02T03:53:06.010381+05:00","@version":"1","message":"Payload generated...","logger_name":"com.poptsov.marketplace.security.JwtService","thread_name":"main","level":"INFO","level_value":20000}
{"@timestamp":"2024-12-02T03:53:06.0223883+05:00","@version":"1","message":"Generating token...","logger_name":"com.poptsov.marketplace.security.JwtService","thread_name":"main","level":"INFO","level_value":20000}
{"@timestamp":"2024-12-02T03:53:06.0793891+05:00","@version":"1","message":"Getting signing key...","logger_name":"com.poptsov.marketplace.security.JwtService","thread_name":"main","level":"INFO","level_value":20000}
{"@timestamp":"2024-12-02T03:53:06.169385+05:00","@version":"1","message":"Token generated for user: Test Username","logger_name":"com.poptsov.marketplace.security.JwtService","thread_name":"main","level":"INFO","level_value":20000}
{"@timestamp":"2024-12-02T03:53:06.1713841+05:00","@version":"1","message":"Checking if token is expired...","logger_name":"com.poptsov.marketplace.security.JwtService","thread_name":"main","level":"INFO","level_value":20000}
{"@timestamp":"2024-12-02T03:53:06.1713841+05:00","@version":"1","message":"Extracting expiration date...","logger_name":"com.poptsov.marketplace.security.JwtService","thread_name":"main","level":"INFO","level_value":20000}
{"@timestamp":"2024-12-02T03:53:06.1723841+05:00","@version":"1","message":"Extracting claim...","logger_name":"com.poptsov.marketplace.security.JwtService","thread_name":"main","level":"INFO","level_value":20000}
{"@timestamp":"2024-12-02T03:53:06.1723841+05:00","@version":"1","message":"Extracting all claims...","logger_name":"com.poptsov.marketplace.security.JwtService","thread_name":"main","level":"INFO","level_value":20000}
{"@timestamp":"2024-12-02T03:53:06.1913859+05:00","@version":"1","message":"Getting signing key...","logger_name":"com.poptsov.marketplace.security.JwtService","thread_name":"main","level":"INFO","level_value":20000}
{"@timestamp":"2024-12-02T03:53:27.3235027+05:00","@version":"1","message":"Payload generated...","logger_name":"com.poptsov.marketplace.security.JwtService","thread_name":"main","level":"INFO","level_value":20000}
{"@timestamp":"2024-12-02T03:53:27.3345086+05:00","@version":"1","message":"Generating token...","logger_name":"com.poptsov.marketplace.security.JwtService","thread_name":"main","level":"INFO","level_value":20000}
{"@timestamp":"2024-12-02T03:53:27.3905115+05:00","@version":"1","message":"Getting signing key...","logger_name":"com.poptsov.marketplace.security.JwtService","thread_name":"main","level":"INFO","level_value":20000}
{"@timestamp":"2024-12-02T03:53:27.4845066+05:00","@version":"1","message":"Token generated for user: Test Username","logger_name":"com.poptsov.marketplace.security.JwtService","thread_name":"main","level":"INFO","level_value":20000}
{"@timestamp":"2024-12-02T03:53:27.4865083+05:00","@version":"1","message":"Checking if token is expired...","logger_name":"com.poptsov.marketplace.security.JwtService","thread_name":"main","level":"INFO","level_value":20000}
{"@timestamp":"2024-12-02T03:53:27.4875049+05:00","@version":"1","message":"Extracting expiration date...","logger_name":"com.poptsov.marketplace.security.JwtService","thread_name":"main","level":"INFO","level_value":20000}
{"@timestamp":"2024-12-02T03:53:27.4875049+05:00","@version":"1","message":"Extracting claim...","logger_name":"com.poptsov.marketplace.security.JwtService","thread_name":"main","level":"INFO","level_value":20000}
{"@timestamp":"2024-12-02T03:53:27.4875049+05:00","@version":"1","message":"Extracting all claims...","logger_name":"com.poptsov.marketplace.security.JwtService","thread_name":"main","level":"INFO","level_value":20000}
{"@timestamp":"2024-12-02T03:53:27.505504+05:00","@version":"1","message":"Getting signing key...","logger_name":"com.poptsov.marketplace.security.JwtService","thread_name":"main","level":"INFO","level_value":20000}
{"@timestamp":"2024-12-02T04:00:24.728155+05:00","@version":"1","message":"Payload generated...","logger_name":"com.poptsov.marketplace.security.JwtService","thread_name":"main","level":"INFO","level_value":20000}
{"@timestamp":"2024-12-02T04:00:24.740158+05:00","@version":"1","message":"Generating token...","logger_name":"com.poptsov.marketplace.security.JwtService","thread_name":"main","level":"INFO","level_value":20000}
{"@timestamp":"2024-12-02T04:00:24.7971559+05:00","@version":"1","message":"Getting signing key...","logger_name":"com.poptsov.marketplace.security.JwtService","thread_name":"main","level":"INFO","level_value":20000}
{"@timestamp":"2024-12-02T04:00:24.8911662+05:00","@version":"1","message":"Token generated for user: Test Username","logger_name":"com.poptsov.marketplace.security.JwtService","thread_name":"main","level":"INFO","level_value":20000}
{"@timestamp":"2024-12-02T04:00:24.8931563+05:00","@version":"1","message":"Extracting expiration date...","logger_name":"com.poptsov.marketplace.security.JwtService","thread_name":"main","level":"INFO","level_value":20000}
{"@timestamp":"2024-12-02T04:00:24.894157+05:00","@version":"1","message":"Extracting claim...","logger_name":"com.poptsov.marketplace.security.JwtService","thread_name":"main","level":"INFO","level_value":20000}
{"@timestamp":"2024-12-02T04:00:24.894157+05:00","@version":"1","message":"Extracting all claims...","logger_name":"com.poptsov.marketplace.security.JwtService","thread_name":"main","level":"INFO","level_value":20000}
{"@timestamp":"2024-12-02T04:00:24.9121678+05:00","@version":"1","message":"Getting signing key...","logger_name":"com.poptsov.marketplace.security.JwtService","thread_name":"main","level":"INFO","level_value":20000}
{"@timestamp":"2024-12-02T04:00:24.9601529+05:00","@version":"1","message":"Extracting expiration date...","logger_name":"com.poptsov.marketplace.security.JwtService","thread_name":"main","level":"INFO","level_value":20000}
{"@timestamp":"2024-12-02T04:00:24.9601529+05:00","@version":"1","message":"Extracting claim...","logger_name":"com.poptsov.marketplace.security.JwtService","thread_name":"main","level":"INFO","level_value":20000}
{"@timestamp":"2024-12-02T04:00:24.9601529+05:00","@version":"1","message":"Extracting all claims...","logger_name":"com.poptsov.marketplace.security.JwtService","thread_name":"main","level":"INFO","level_value":20000}
{"@timestamp":"2024-12-02T04:00:24.9601529+05:00","@version":"1","message":"Getting signing key...","logger_name":"com.poptsov.marketplace.security.JwtService","thread_name":"main","level":"INFO","level_value":20000}
{"@timestamp":"2024-12-02T04:02:23.4033137+05:00","@version":"1","message":"Payload generated...","logger_name":"com.poptsov.marketplace.security.JwtService","thread_name":"main","level":"INFO","level_value":20000}
{"@timestamp":"2024-12-02T04:02:23.4183129+05:00","@version":"1","message":"Generating token...","logger_name":"com.poptsov.marketplace.security.JwtService","thread_name":"main","level":"INFO","level_value":20000}
{"@timestamp":"2024-12-02T04:02:23.4743181+05:00","@version":"1","message":"Getting signing key...","logger_name":"com.poptsov.marketplace.security.JwtService","thread_name":"main","level":"INFO","level_value":20000}
{"@timestamp":"2024-12-02T04:02:23.5653071+05:00","@version":"1","message":"Token generated for user: Test Username","logger_name":"com.poptsov.marketplace.security.JwtService","thread_name":"main","level":"INFO","level_value":20000}
{"@timestamp":"2024-12-02T04:02:23.568308+05:00","@version":"1","message":"Extracting expiration date...","logger_name":"com.poptsov.marketplace.security.JwtService","thread_name":"main","level":"INFO","level_value":20000}
{"@timestamp":"2024-12-02T04:02:23.568308+05:00","@version":"1","message":"Extracting claim...","logger_name":"com.poptsov.marketplace.security.JwtService","thread_name":"main","level":"INFO","level_value":20000}
{"@timestamp":"2024-12-02T04:02:23.5693078+05:00","@version":"1","message":"Extracting all claims...","logger_name":"com.poptsov.marketplace.security.JwtService","thread_name":"main","level":"INFO","level_value":20000}
{"@timestamp":"2024-12-02T04:02:23.5903086+05:00","@version":"1","message":"Getting signing key...","logger_name":"com.poptsov.marketplace.security.JwtService","thread_name":"main","level":"INFO","level_value":20000}
{"@timestamp":"2024-12-02T04:02:23.6323095+05:00","@version":"1","message":"Extracting expiration date...","logger_name":"com.poptsov.marketplace.security.JwtService","thread_name":"main","level":"INFO","level_value":20000}
{"@timestamp":"2024-12-02T04:02:23.6333122+05:00","@version":"1","message":"Extracting claim...","logger_name":"com.poptsov.marketplace.security.JwtService","thread_name":"main","level":"INFO","level_value":20000}
{"@timestamp":"2024-12-02T04:02:23.6333122+05:00","@version":"1","message":"Extracting all claims...","logger_name":"com.poptsov.marketplace.security.JwtService","thread_name":"main","level":"INFO","level_value":20000}
{"@timestamp":"2024-12-02T04:02:23.6333122+05:00","@version":"1","message":"Getting signing key...","logger_name":"com.poptsov.marketplace.security.JwtService","thread_name":"main","level":"INFO","level_value":20000}
{"@timestamp":"2024-12-02T04:04:29.8866962+05:00","@version":"1","message":"Payload generated...","logger_name":"com.poptsov.marketplace.security.JwtService","thread_name":"main","level":"INFO","level_value":20000}
{"@timestamp":"2024-12-02T04:04:29.8996936+05:00","@version":"1","message":"Generating token...","logger_name":"com.poptsov.marketplace.security.JwtService","thread_name":"main","level":"INFO","level_value":20000}
{"@timestamp":"2024-12-02T04:04:29.9567015+05:00","@version":"1","message":"Getting signing key...","logger_name":"com.poptsov.marketplace.security.JwtService","thread_name":"main","level":"INFO","level_value":20000}
{"@timestamp":"2024-12-02T04:04:30.0566949+05:00","@version":"1","message":"Token generated for user: Test Username","logger_name":"com.poptsov.marketplace.security.JwtService","thread_name":"main","level":"INFO","level_value":20000}
{"@timestamp":"2024-12-02T04:04:30.0586933+05:00","@version":"1","message":"Extracting expiration date...","logger_name":"com.poptsov.marketplace.security.JwtService","thread_name":"main","level":"INFO","level_value":20000}
{"@timestamp":"2024-12-02T04:04:30.0586933+05:00","@version":"1","message":"Extracting claim...","logger_name":"com.poptsov.marketplace.security.JwtService","thread_name":"main","level":"INFO","level_value":20000}
{"@timestamp":"2024-12-02T04:04:30.0586933+05:00","@version":"1","message":"Extracting all claims...","logger_name":"com.poptsov.marketplace.security.JwtService","thread_name":"main","level":"INFO","level_value":20000}
{"@timestamp":"2024-12-02T04:04:30.0816929+05:00","@version":"1","message":"Getting signing key...","logger_name":"com.poptsov.marketplace.security.JwtService","thread_name":"main","level":"INFO","level_value":20000}
{"@timestamp":"2024-12-02T04:04:30.1206949+05:00","@version":"1","message":"Extracting expiration date...","logger_name":"com.poptsov.marketplace.security.JwtService","thread_name":"main","level":"INFO","level_value":20000}
{"@timestamp":"2024-12-02T04:04:30.1206949+05:00","@version":"1","message":"Extracting claim...","logger_name":"com.poptsov.marketplace.security.JwtService","thread_name":"main","level":"INFO","level_value":20000}
{"@timestamp":"2024-12-02T04:04:30.1206949+05:00","@version":"1","message":"Extracting all claims...","logger_name":"com.poptsov.marketplace.security.JwtService","thread_name":"main","level":"INFO","level_value":20000}
{"@timestamp":"2024-12-02T04:04:30.1216953+05:00","@version":"1","message":"Getting signing key...","logger_name":"com.poptsov.marketplace.security.JwtService","thread_name":"main","level":"INFO","level_value":20000}
{"@timestamp":"2024-12-02T04:09:16.5747726+05:00","@version":"1","message":"Payload generated...","logger_name":"com.poptsov.marketplace.security.JwtService","thread_name":"main","level":"INFO","level_value":20000}
{"@timestamp":"2024-12-02T04:09:16.5887713+05:00","@version":"1","message":"Generating expired token...","logger_name":"com.poptsov.marketplace.security.JwtService","thread_name":"main","level":"INFO","level_value":20000}
{"@timestamp":"2024-12-02T04:09:16.6545484+05:00","@version":"1","message":"Getting signing key...","logger_name":"com.poptsov.marketplace.security.JwtService","thread_name":"main","level":"INFO","level_value":20000}
{"@timestamp":"2024-12-02T04:09:16.7669153+05:00","@version":"1","message":"Expired token generated for user: Test Username","logger_name":"com.poptsov.marketplace.security.JwtService","thread_name":"main","level":"INFO","level_value":20000}
{"@timestamp":"2024-12-02T04:09:16.7756721+05:00","@version":"1","message":"Checking if token is expired...","logger_name":"com.poptsov.marketplace.security.JwtService","thread_name":"main","level":"INFO","level_value":20000}
{"@timestamp":"2024-12-02T04:09:16.7756721+05:00","@version":"1","message":"Extracting expiration date...","logger_name":"com.poptsov.marketplace.security.JwtService","thread_name":"main","level":"INFO","level_value":20000}
{"@timestamp":"2024-12-02T04:09:16.7766671+05:00","@version":"1","message":"Extracting claim...","logger_name":"com.poptsov.marketplace.security.JwtService","thread_name":"main","level":"INFO","level_value":20000}
{"@timestamp":"2024-12-02T04:09:16.7766671+05:00","@version":"1","message":"Extracting all claims...","logger_name":"com.poptsov.marketplace.security.JwtService","thread_name":"main","level":"INFO","level_value":20000}
{"@timestamp":"2024-12-02T04:09:16.80067+05:00","@version":"1","message":"Getting signing key...","logger_name":"com.poptsov.marketplace.security.JwtService","thread_name":"main","level":"INFO","level_value":20000}
{"@timestamp":"2024-12-02T04:10:53.3767491+05:00","@version":"1","message":"Payload generated...","logger_name":"com.poptsov.marketplace.security.JwtService","thread_name":"main","level":"INFO","level_value":20000}
{"@timestamp":"2024-12-02T04:10:53.3897441+05:00","@version":"1","message":"Generating expired token...","logger_name":"com.poptsov.marketplace.security.JwtService","thread_name":"main","level":"INFO","level_value":20000}
{"@timestamp":"2024-12-02T04:10:53.4467462+05:00","@version":"1","message":"Getting signing key...","logger_name":"com.poptsov.marketplace.security.JwtService","thread_name":"main","level":"INFO","level_value":20000}
{"@timestamp":"2024-12-02T04:10:53.5397462+05:00","@version":"1","message":"Expired token generated for user: Test Username","logger_name":"com.poptsov.marketplace.security.JwtService","thread_name":"main","level":"INFO","level_value":20000}
{"@timestamp":"2024-12-02T04:10:53.5417437+05:00","@version":"1","message":"Checking if token is expired...","logger_name":"com.poptsov.marketplace.security.JwtService","thread_name":"main","level":"INFO","level_value":20000}
{"@timestamp":"2024-12-02T04:10:53.5417437+05:00","@version":"1","message":"Extracting expiration date...","logger_name":"com.poptsov.marketplace.security.JwtService","thread_name":"main","level":"INFO","level_value":20000}
{"@timestamp":"2024-12-02T04:10:53.5427447+05:00","@version":"1","message":"Extracting claim...","logger_name":"com.poptsov.marketplace.security.JwtService","thread_name":"main","level":"INFO","level_value":20000}
{"@timestamp":"2024-12-02T04:10:53.5427447+05:00","@version":"1","message":"Extracting all claims...","logger_name":"com.poptsov.marketplace.security.JwtService","thread_name":"main","level":"INFO","level_value":20000}
{"@timestamp":"2024-12-02T04:10:53.5607414+05:00","@version":"1","message":"Getting signing key...","logger_name":"com.poptsov.marketplace.security.JwtService","thread_name":"main","level":"INFO","level_value":20000}
{"@timestamp":"2024-12-02T04:13:06.9742942+05:00","@version":"1","message":"Payload generated...","logger_name":"com.poptsov.marketplace.security.JwtService","thread_name":"main","level":"INFO","level_value":20000}
{"@timestamp":"2024-12-02T04:13:06.9882959+05:00","@version":"1","message":"Generating expired token...","logger_name":"com.poptsov.marketplace.security.JwtService","thread_name":"main","level":"INFO","level_value":20000}
{"@timestamp":"2024-12-02T04:13:07.0452941+05:00","@version":"1","message":"Getting signing key...","logger_name":"com.poptsov.marketplace.security.JwtService","thread_name":"main","level":"INFO","level_value":20000}
{"@timestamp":"2024-12-02T04:13:07.1442949+05:00","@version":"1","message":"Expired token generated for user: Test Username","logger_name":"com.poptsov.marketplace.security.JwtService","thread_name":"main","level":"INFO","level_value":20000}
{"@timestamp":"2024-12-02T04:13:07.1462982+05:00","@version":"1","message":"Checking if token is expired...","logger_name":"com.poptsov.marketplace.security.JwtService","thread_name":"main","level":"INFO","level_value":20000}
{"@timestamp":"2024-12-02T04:13:07.1472967+05:00","@version":"1","message":"Extracting expiration date...","logger_name":"com.poptsov.marketplace.security.JwtService","thread_name":"main","level":"INFO","level_value":20000}
{"@timestamp":"2024-12-02T04:13:07.1472967+05:00","@version":"1","message":"Extracting claim...","logger_name":"com.poptsov.marketplace.security.JwtService","thread_name":"main","level":"INFO","level_value":20000}
{"@timestamp":"2024-12-02T04:13:07.1482955+05:00","@version":"1","message":"Extracting all claims...","logger_name":"com.poptsov.marketplace.security.JwtService","thread_name":"main","level":"INFO","level_value":20000}
{"@timestamp":"2024-12-02T04:13:07.1702964+05:00","@version":"1","message":"Getting signing key...","logger_name":"com.poptsov.marketplace.security.JwtService","thread_name":"main","level":"INFO","level_value":20000}
{"@timestamp":"2024-12-02T04:13:07.2072928+05:00","@version":"1","message":"Failed to extract claims from token: JWT expired 144000206 milliseconds ago at 2024-11-30T07:13:07.000Z. Current time: 2024-12-01T23:13:07.206Z. Allowed clock skew: 0 milliseconds.","logger_name":"com.poptsov.marketplace.security.JwtService","thread_name":"main","level":"ERROR","level_value":40000}
{"@timestamp":"2024-12-02T04:13:40.5415361+05:00","@version":"1","message":"Payload generated...","logger_name":"com.poptsov.marketplace.security.JwtService","thread_name":"main","level":"INFO","level_value":20000}
{"@timestamp":"2024-12-02T04:13:40.5535426+05:00","@version":"1","message":"Generating expired token...","logger_name":"com.poptsov.marketplace.security.JwtService","thread_name":"main","level":"INFO","level_value":20000}
{"@timestamp":"2024-12-02T04:13:40.6135415+05:00","@version":"1","message":"Getting signing key...","logger_name":"com.poptsov.marketplace.security.JwtService","thread_name":"main","level":"INFO","level_value":20000}
{"@timestamp":"2024-12-02T04:13:40.7085391+05:00","@version":"1","message":"Expired token generated for user: Test Username","logger_name":"com.poptsov.marketplace.security.JwtService","thread_name":"main","level":"INFO","level_value":20000}
{"@timestamp":"2024-12-02T04:13:40.715538+05:00","@version":"1","message":"Checking if token is expired...","logger_name":"com.poptsov.marketplace.security.JwtService","thread_name":"main","level":"INFO","level_value":20000}
{"@timestamp":"2024-12-02T04:13:40.715538+05:00","@version":"1","message":"Extracting expiration date...","logger_name":"com.poptsov.marketplace.security.JwtService","thread_name":"main","level":"INFO","level_value":20000}
{"@timestamp":"2024-12-02T04:13:40.7165381+05:00","@version":"1","message":"Extracting claim...","logger_name":"com.poptsov.marketplace.security.JwtService","thread_name":"main","level":"INFO","level_value":20000}
{"@timestamp":"2024-12-02T04:13:40.7165381+05:00","@version":"1","message":"Extracting all claims...","logger_name":"com.poptsov.marketplace.security.JwtService","thread_name":"main","level":"INFO","level_value":20000}
{"@timestamp":"2024-12-02T04:13:40.7385397+05:00","@version":"1","message":"Getting signing key...","logger_name":"com.poptsov.marketplace.security.JwtService","thread_name":"main","level":"INFO","level_value":20000}
{"@timestamp":"2024-12-02T04:13:40.7755379+05:00","@version":"1","message":"Failed to extract claims from token: JWT expired 144000774 milliseconds ago at 2024-11-30T07:13:40.000Z. Current time: 2024-12-01T23:13:40.774Z. Allowed clock skew: 0 milliseconds.","logger_name":"com.poptsov.marketplace.security.JwtService","thread_name":"main","level":"ERROR","level_value":40000}
{"@timestamp":"2024-12-02T04:39:20.0852818+05:00","@version":"1","message":"Generating code success","logger_name":"com.poptsov.marketplace.util.VerificationCodeGenerator","thread_name":"main","level":"INFO","level_value":20000}
{"@timestamp":"2024-12-02T05:47:58.3402286+05:00","@version":"1","message":"Sign In process start...","logger_name":"com.poptsov.marketplace.service.AuthenticationService","thread_name":"main","level":"INFO","level_value":20000}
{"@timestamp":"2024-12-02T05:47:58.3562255+05:00","@version":"1","message":"Try to get user by Username...","logger_name":"com.poptsov.marketplace.service.AuthenticationService","thread_name":"main","level":"INFO","level_value":20000}
{"@timestamp":"2024-12-02T05:47:58.3572263+05:00","@version":"1","message":"Try to generate token...","logger_name":"com.poptsov.marketplace.service.AuthenticationService","thread_name":"main","level":"INFO","level_value":20000}
{"@timestamp":"2024-12-02T05:47:58.3582267+05:00","@version":"1","message":"Sign In successful!, return token.","logger_name":"com.poptsov.marketplace.service.AuthenticationService","thread_name":"main","level":"INFO","level_value":20000}
{"@timestamp":"2024-12-02T05:48:15.3115379+05:00","@version":"1","message":"Sign In process start...","logger_name":"com.poptsov.marketplace.service.AuthenticationService","thread_name":"main","level":"INFO","level_value":20000}
{"@timestamp":"2024-12-02T05:48:15.3335425+05:00","@version":"1","message":"Try to get user by Username...","logger_name":"com.poptsov.marketplace.service.AuthenticationService","thread_name":"main","level":"INFO","level_value":20000}
{"@timestamp":"2024-12-02T05:48:15.33454+05:00","@version":"1","message":"Try to generate token...","logger_name":"com.poptsov.marketplace.service.AuthenticationService","thread_name":"main","level":"INFO","level_value":20000}
{"@timestamp":"2024-12-02T05:48:15.3355422+05:00","@version":"1","message":"Sign In successful!, return token.","logger_name":"com.poptsov.marketplace.service.AuthenticationService","thread_name":"main","level":"INFO","level_value":20000}
{"@timestamp":"2024-12-02T05:48:21.2834442+05:00","@version":"1","message":"Payload generated...","logger_name":"com.poptsov.marketplace.security.JwtService","thread_name":"main","level":"INFO","level_value":20000}
{"@timestamp":"2024-12-02T05:48:21.2954407+05:00","@version":"1","message":"Generating token...","logger_name":"com.poptsov.marketplace.security.JwtService","thread_name":"main","level":"INFO","level_value":20000}
{"@timestamp":"2024-12-02T05:48:21.3524484+05:00","@version":"1","message":"Getting signing key...","logger_name":"com.poptsov.marketplace.security.JwtService","thread_name":"main","level":"INFO","level_value":20000}
{"@timestamp":"2024-12-02T05:48:21.4494458+05:00","@version":"1","message":"Token generated for user: Test Username","logger_name":"com.poptsov.marketplace.security.JwtService","thread_name":"main","level":"INFO","level_value":20000}
{"@timestamp":"2024-12-02T05:48:21.4514469+05:00","@version":"1","message":"Checking if token is valid...","logger_name":"com.poptsov.marketplace.security.JwtService","thread_name":"main","level":"INFO","level_value":20000}
{"@timestamp":"2024-12-02T05:48:21.4514469+05:00","@version":"1","message":"Extracting claim...","logger_name":"com.poptsov.marketplace.security.JwtService","thread_name":"main","level":"INFO","level_value":20000}
{"@timestamp":"2024-12-02T05:48:21.4514469+05:00","@version":"1","message":"Extracting all claims...","logger_name":"com.poptsov.marketplace.security.JwtService","thread_name":"main","level":"INFO","level_value":20000}
{"@timestamp":"2024-12-02T05:48:21.4704448+05:00","@version":"1","message":"Getting signing key...","logger_name":"com.poptsov.marketplace.security.JwtService","thread_name":"main","level":"INFO","level_value":20000}
{"@timestamp":"2024-12-02T05:48:21.5154411+05:00","@version":"1","message":"Checking if token is expired...","logger_name":"com.poptsov.marketplace.security.JwtService","thread_name":"main","level":"INFO","level_value":20000}
{"@timestamp":"2024-12-02T05:48:21.5154411+05:00","@version":"1","message":"Extracting expiration date...","logger_name":"com.poptsov.marketplace.security.JwtService","thread_name":"main","level":"INFO","level_value":20000}
{"@timestamp":"2024-12-02T05:48:21.5164434+05:00","@version":"1","message":"Extracting claim...","logger_name":"com.poptsov.marketplace.security.JwtService","thread_name":"main","level":"INFO","level_value":20000}
{"@timestamp":"2024-12-02T05:48:21.5164434+05:00","@version":"1","message":"Extracting all claims...","logger_name":"com.poptsov.marketplace.security.JwtService","thread_name":"main","level":"INFO","level_value":20000}
{"@timestamp":"2024-12-02T05:48:21.5164434+05:00","@version":"1","message":"Getting signing key...","logger_name":"com.poptsov.marketplace.security.JwtService","thread_name":"main","level":"INFO","level_value":20000}
{"@timestamp":"2024-12-02T05:48:21.5184422+05:00","@version":"1","message":"Is token valid = true","logger_name":"com.poptsov.marketplace.security.JwtService","thread_name":"main","level":"INFO","level_value":20000}
{"@timestamp":"2024-12-02T05:48:21.5394412+05:00","@version":"1","message":"Payload generated...","logger_name":"com.poptsov.marketplace.security.JwtService","thread_name":"main","level":"INFO","level_value":20000}
{"@timestamp":"2024-12-02T05:48:21.5394412+05:00","@version":"1","message":"Generating token...","logger_name":"com.poptsov.marketplace.security.JwtService","thread_name":"main","level":"INFO","level_value":20000}
{"@timestamp":"2024-12-02T05:48:21.540442+05:00","@version":"1","message":"Getting signing key...","logger_name":"com.poptsov.marketplace.security.JwtService","thread_name":"main","level":"INFO","level_value":20000}
{"@timestamp":"2024-12-02T05:48:21.5414425+05:00","@version":"1","message":"Token generated for user: Test Username","logger_name":"com.poptsov.marketplace.security.JwtService","thread_name":"main","level":"INFO","level_value":20000}
{"@timestamp":"2024-12-02T05:48:21.5414425+05:00","@version":"1","message":"Extracting claim...","logger_name":"com.poptsov.marketplace.security.JwtService","thread_name":"main","level":"INFO","level_value":20000}
{"@timestamp":"2024-12-02T05:48:21.5414425+05:00","@version":"1","message":"Extracting all claims...","logger_name":"com.poptsov.marketplace.security.JwtService","thread_name":"main","level":"INFO","level_value":20000}
{"@timestamp":"2024-12-02T05:48:21.5414425+05:00","@version":"1","message":"Getting signing key...","logger_name":"com.poptsov.marketplace.security.JwtService","thread_name":"main","level":"INFO","level_value":20000}
{"@timestamp":"2024-12-02T05:48:21.5474487+05:00","@version":"1","message":"Checking if token is valid...","logger_name":"com.poptsov.marketplace.security.JwtService","thread_name":"main","level":"INFO","level_value":20000}
{"@timestamp":"2024-12-02T05:48:21.5474487+05:00","@version":"1","message":"Extracting claim...","logger_name":"com.poptsov.marketplace.security.JwtService","thread_name":"main","level":"INFO","level_value":20000}
{"@timestamp":"2024-12-02T05:48:21.5474487+05:00","@version":"1","message":"Extracting all claims...","logger_name":"com.poptsov.marketplace.security.JwtService","thread_name":"main","level":"INFO","level_value":20000}
{"@timestamp":"2024-12-02T05:48:21.5474487+05:00","@version":"1","message":"Getting signing key...","logger_name":"com.poptsov.marketplace.security.JwtService","thread_name":"main","level":"INFO","level_value":20000}
{"@timestamp":"2024-12-02T05:48:21.5494445+05:00","@version":"1","message":"Checking if token is expired...","logger_name":"com.poptsov.marketplace.security.JwtService","thread_name":"main","level":"INFO","level_value":20000}
{"@timestamp":"2024-12-02T05:48:21.5494445+05:00","@version":"1","message":"Extracting expiration date...","logger_name":"com.poptsov.marketplace.security.JwtService","thread_name":"main","level":"INFO","level_value":20000}
{"@timestamp":"2024-12-02T05:48:21.5494445+05:00","@version":"1","message":"Extracting claim...","logger_name":"com.poptsov.marketplace.security.JwtService","thread_name":"main","level":"INFO","level_value":20000}
{"@timestamp":"2024-12-02T05:48:21.5494445+05:00","@version":"1","message":"Extracting all claims...","logger_name":"com.poptsov.marketplace.security.JwtService","thread_name":"main","level":"INFO","level_value":20000}
{"@timestamp":"2024-12-02T05:48:21.5494445+05:00","@version":"1","message":"Getting signing key...","logger_name":"com.poptsov.marketplace.security.JwtService","thread_name":"main","level":"INFO","level_value":20000}
{"@timestamp":"2024-12-02T05:48:21.5514453+05:00","@version":"1","message":"Is token valid = true","logger_name":"com.poptsov.marketplace.security.JwtService","thread_name":"main","level":"INFO","level_value":20000}
{"@timestamp":"2024-12-02T05:48:21.5584489+05:00","@version":"1","message":"Checking if token is valid...","logger_name":"com.poptsov.marketplace.security.JwtService","thread_name":"main","level":"INFO","level_value":20000}
{"@timestamp":"2024-12-02T05:48:21.5594474+05:00","@version":"1","message":"Extracting claim...","logger_name":"com.poptsov.marketplace.security.JwtService","thread_name":"main","level":"INFO","level_value":20000}
{"@timestamp":"2024-12-02T05:48:21.5594474+05:00","@version":"1","message":"Extracting all claims...","logger_name":"com.poptsov.marketplace.security.JwtService","thread_name":"main","level":"INFO","level_value":20000}
{"@timestamp":"2024-12-02T05:48:21.5594474+05:00","@version":"1","message":"Getting signing key...","logger_name":"com.poptsov.marketplace.security.JwtService","thread_name":"main","level":"INFO","level_value":20000}
{"@timestamp":"2024-12-02T05:48:21.5594474+05:00","@version":"1","message":"Failed to extract claims from token: Invalid compact JWT string: Compact JWSs must contain exactly 2 period characters, and compact JWEs must contain exactly 4.  Found: 1","logger_name":"com.poptsov.marketplace.security.JwtService","thread_name":"main","level":"ERROR","level_value":40000}
{"@timestamp":"2024-12-02T05:48:21.5654426+05:00","@version":"1","message":"Payload generated...","logger_name":"com.poptsov.marketplace.security.JwtService","thread_name":"main","level":"INFO","level_value":20000}
{"@timestamp":"2024-12-02T05:48:21.5664456+05:00","@version":"1","message":"Generating expired token...","logger_name":"com.poptsov.marketplace.security.JwtService","thread_name":"main","level":"INFO","level_value":20000}
{"@timestamp":"2024-12-02T05:48:21.5664456+05:00","@version":"1","message":"Getting signing key...","logger_name":"com.poptsov.marketplace.security.JwtService","thread_name":"main","level":"INFO","level_value":20000}
{"@timestamp":"2024-12-02T05:48:21.5674471+05:00","@version":"1","message":"Expired token generated for user: Test Username","logger_name":"com.poptsov.marketplace.security.JwtService","thread_name":"main","level":"INFO","level_value":20000}
{"@timestamp":"2024-12-02T05:48:21.5684434+05:00","@version":"1","message":"Checking if token is expired...","logger_name":"com.poptsov.marketplace.security.JwtService","thread_name":"main","level":"INFO","level_value":20000}
{"@timestamp":"2024-12-02T05:48:21.5684434+05:00","@version":"1","message":"Extracting expiration date...","logger_name":"com.poptsov.marketplace.security.JwtService","thread_name":"main","level":"INFO","level_value":20000}
{"@timestamp":"2024-12-02T05:48:21.5684434+05:00","@version":"1","message":"Extracting claim...","logger_name":"com.poptsov.marketplace.security.JwtService","thread_name":"main","level":"INFO","level_value":20000}
{"@timestamp":"2024-12-02T05:48:21.5684434+05:00","@version":"1","message":"Extracting all claims...","logger_name":"com.poptsov.marketplace.security.JwtService","thread_name":"main","level":"INFO","level_value":20000}
{"@timestamp":"2024-12-02T05:48:21.5684434+05:00","@version":"1","message":"Getting signing key...","logger_name":"com.poptsov.marketplace.security.JwtService","thread_name":"main","level":"INFO","level_value":20000}
{"@timestamp":"2024-12-02T05:48:21.571445+05:00","@version":"1","message":"Failed to extract claims from token: JWT expired 144000569 milliseconds ago at 2024-11-30T08:48:21.000Z. Current time: 2024-12-02T00:48:21.569Z. Allowed clock skew: 0 milliseconds.","logger_name":"com.poptsov.marketplace.security.JwtService","thread_name":"main","level":"ERROR","level_value":40000}
{"@timestamp":"2024-12-02T05:48:21.5764441+05:00","@version":"1","message":"Payload generated...","logger_name":"com.poptsov.marketplace.security.JwtService","thread_name":"main","level":"INFO","level_value":20000}
{"@timestamp":"2024-12-02T05:48:21.5764441+05:00","@version":"1","message":"Generating token...","logger_name":"com.poptsov.marketplace.security.JwtService","thread_name":"main","level":"INFO","level_value":20000}
{"@timestamp":"2024-12-02T05:48:21.5764441+05:00","@version":"1","message":"Getting signing key...","logger_name":"com.poptsov.marketplace.security.JwtService","thread_name":"main","level":"INFO","level_value":20000}
{"@timestamp":"2024-12-02T05:48:21.5774421+05:00","@version":"1","message":"Token generated for user: Test Username","logger_name":"com.poptsov.marketplace.security.JwtService","thread_name":"main","level":"INFO","level_value":20000}
{"@timestamp":"2024-12-02T05:48:21.5774421+05:00","@version":"1","message":"Extracting claim...","logger_name":"com.poptsov.marketplace.security.JwtService","thread_name":"main","level":"INFO","level_value":20000}
{"@timestamp":"2024-12-02T05:48:21.5774421+05:00","@version":"1","message":"Extracting all claims...","logger_name":"com.poptsov.marketplace.security.JwtService","thread_name":"main","level":"INFO","level_value":20000}
{"@timestamp":"2024-12-02T05:48:21.5774421+05:00","@version":"1","message":"Getting signing key...","logger_name":"com.poptsov.marketplace.security.JwtService","thread_name":"main","level":"INFO","level_value":20000}
{"@timestamp":"2024-12-02T05:48:21.5824431+05:00","@version":"1","message":"Payload generated...","logger_name":"com.poptsov.marketplace.security.JwtService","thread_name":"main","level":"INFO","level_value":20000}
{"@timestamp":"2024-12-02T05:48:21.5824431+05:00","@version":"1","message":"Generating token...","logger_name":"com.poptsov.marketplace.security.JwtService","thread_name":"main","level":"INFO","level_value":20000}
{"@timestamp":"2024-12-02T05:48:21.5824431+05:00","@version":"1","message":"Getting signing key...","logger_name":"com.poptsov.marketplace.security.JwtService","thread_name":"main","level":"INFO","level_value":20000}
{"@timestamp":"2024-12-02T05:48:21.5834436+05:00","@version":"1","message":"Token generated for user: Test Username","logger_name":"com.poptsov.marketplace.security.JwtService","thread_name":"main","level":"INFO","level_value":20000}
{"@timestamp":"2024-12-02T05:48:21.5844428+05:00","@version":"1","message":"Checking if token is expired...","logger_name":"com.poptsov.marketplace.security.JwtService","thread_name":"main","level":"INFO","level_value":20000}
{"@timestamp":"2024-12-02T05:48:21.5844428+05:00","@version":"1","message":"Extracting expiration date...","logger_name":"com.poptsov.marketplace.security.JwtService","thread_name":"main","level":"INFO","level_value":20000}
{"@timestamp":"2024-12-02T05:48:21.5844428+05:00","@version":"1","message":"Extracting claim...","logger_name":"com.poptsov.marketplace.security.JwtService","thread_name":"main","level":"INFO","level_value":20000}
{"@timestamp":"2024-12-02T05:48:21.5844428+05:00","@version":"1","message":"Extracting all claims...","logger_name":"com.poptsov.marketplace.security.JwtService","thread_name":"main","level":"INFO","level_value":20000}
{"@timestamp":"2024-12-02T05:48:21.5844428+05:00","@version":"1","message":"Getting signing key...","logger_name":"com.poptsov.marketplace.security.JwtService","thread_name":"main","level":"INFO","level_value":20000}
{"@timestamp":"2024-12-02T05:52:04.8429304+05:00","@version":"1","message":"doFilterInternal start","logger_name":"com.poptsov.marketplace.security.JwtAuthenticationFilter","thread_name":"main","level":"INFO","level_value":20000}
{"@timestamp":"2024-12-02T05:52:04.8649288+05:00","@version":"1","message":"Bearer is not empty, get jwt and extract username from jwt...","logger_name":"com.poptsov.marketplace.security.JwtAuthenticationFilter","thread_name":"main","level":"INFO","level_value":20000}
{"@timestamp":"2024-12-02T05:52:04.8669282+05:00","@version":"1","message":"Error extracting username from JWT: Invalid token","logger_name":"com.poptsov.marketplace.security.JwtAuthenticationFilter","thread_name":"main","level":"ERROR","level_value":40000}
{"@timestamp":"2024-12-02T05:52:04.8909309+05:00","@version":"1","message":"doFilterInternal start","logger_name":"com.poptsov.marketplace.security.JwtAuthenticationFilter","thread_name":"main","level":"INFO","level_value":20000}
{"@timestamp":"2024-12-02T05:52:04.8919316+05:00","@version":"1","message":"Bearer is empty, return filterChain.doFilter","logger_name":"com.poptsov.marketplace.security.JwtAuthenticationFilter","thread_name":"main","level":"INFO","level_value":20000}
{"@timestamp":"2024-12-02T05:54:40.0197133+05:00","@version":"1","message":"doFilterInternal start","logger_name":"com.poptsov.marketplace.security.JwtAuthenticationFilter","thread_name":"main","level":"INFO","level_value":20000}
{"@timestamp":"2024-12-02T05:54:40.0407113+05:00","@version":"1","message":"Bearer is not empty, get jwt and extract username from jwt...","logger_name":"com.poptsov.marketplace.security.JwtAuthenticationFilter","thread_name":"main","level":"INFO","level_value":20000}
{"@timestamp":"2024-12-02T05:54:40.0457127+05:00","@version":"1","message":"Username not null, and authentication is null, try to get user...","logger_name":"com.poptsov.marketplace.security.JwtAuthenticationFilter","thread_name":"main","level":"INFO","level_value":20000}
{"@timestamp":"2024-12-02T05:54:40.046715+05:00","@version":"1","message":"User  found: null","logger_name":"com.poptsov.marketplace.security.JwtAuthenticationFilter","thread_name":"main","level":"INFO","level_value":20000}
{"@timestamp":"2024-12-02T05:54:40.0497143+05:00","@version":"1","message":"Ban checked for user: testUser ","logger_name":"com.poptsov.marketplace.security.JwtAuthenticationFilter","thread_name":"main","level":"INFO","level_value":20000}
{"@timestamp":"2024-12-02T05:54:40.0497143+05:00","@version":"1","message":"User  is not banned.","logger_name":"com.poptsov.marketplace.security.JwtAuthenticationFilter","thread_name":"main","level":"INFO","level_value":20000}
{"@timestamp":"2024-12-02T05:54:40.0507141+05:00","@version":"1","message":"Try to authenticate user...","logger_name":"com.poptsov.marketplace.security.JwtAuthenticationFilter","thread_name":"main","level":"INFO","level_value":20000}
{"@timestamp":"2024-12-02T05:54:40.0507141+05:00","@version":"1","message":"Token is valid, create context...","logger_name":"com.poptsov.marketplace.security.JwtAuthenticationFilter","thread_name":"main","level":"INFO","level_value":20000}
{"@timestamp":"2024-12-02T05:54:40.052714+05:00","@version":"1","message":"Generate new UsernamePasswordAuthenticationToken...","logger_name":"com.poptsov.marketplace.security.JwtAuthenticationFilter","thread_name":"main","level":"INFO","level_value":20000}
{"@timestamp":"2024-12-02T05:54:40.0547125+05:00","@version":"1","message":"Put authToken into context...","logger_name":"com.poptsov.marketplace.security.JwtAuthenticationFilter","thread_name":"main","level":"INFO","level_value":20000}
{"@timestamp":"2024-12-02T05:54:40.0557139+05:00","@version":"1","message":"Put context into SecurityContextHolder","logger_name":"com.poptsov.marketplace.security.JwtAuthenticationFilter","thread_name":"main","level":"INFO","level_value":20000}
{"@timestamp":"2024-12-02T05:54:40.0557139+05:00","@version":"1","message":"doFilterInternal end","logger_name":"com.poptsov.marketplace.security.JwtAuthenticationFilter","thread_name":"main","level":"INFO","level_value":20000}
{"@timestamp":"2024-12-02T05:54:40.1767144+05:00","@version":"1","message":"doFilterInternal start","logger_name":"com.poptsov.marketplace.security.JwtAuthenticationFilter","thread_name":"main","level":"INFO","level_value":20000}
{"@timestamp":"2024-12-02T05:54:40.1777138+05:00","@version":"1","message":"Bearer is not empty, get jwt and extract username from jwt...","logger_name":"com.poptsov.marketplace.security.JwtAuthenticationFilter","thread_name":"main","level":"INFO","level_value":20000}
{"@timestamp":"2024-12-02T05:54:40.1787152+05:00","@version":"1","message":"Error extracting username from JWT: Invalid token","logger_name":"com.poptsov.marketplace.security.JwtAuthenticationFilter","thread_name":"main","level":"ERROR","level_value":40000}
{"@timestamp":"2024-12-02T05:54:40.1957121+05:00","@version":"1","message":"doFilterInternal start","logger_name":"com.poptsov.marketplace.security.JwtAuthenticationFilter","thread_name":"main","level":"INFO","level_value":20000}
{"@timestamp":"2024-12-02T05:54:40.1967117+05:00","@version":"1","message":"Bearer is not empty, get jwt and extract username from jwt...","logger_name":"com.poptsov.marketplace.security.JwtAuthenticationFilter","thread_name":"main","level":"INFO","level_value":20000}
{"@timestamp":"2024-12-02T05:54:40.1977121+05:00","@version":"1","message":"doFilterInternal end","logger_name":"com.poptsov.marketplace.security.JwtAuthenticationFilter","thread_name":"main","level":"INFO","level_value":20000}
{"@timestamp":"2024-12-02T05:54:40.2327135+05:00","@version":"1","message":"doFilterInternal start","logger_name":"com.poptsov.marketplace.security.JwtAuthenticationFilter","thread_name":"main","level":"INFO","level_value":20000}
{"@timestamp":"2024-12-02T05:54:40.2337154+05:00","@version":"1","message":"Bearer is empty, return filterChain.doFilter","logger_name":"com.poptsov.marketplace.security.JwtAuthenticationFilter","thread_name":"main","level":"INFO","level_value":20000}
{"@timestamp":"2024-12-02T06:02:37.5442825+05:00","@version":"1","message":"doFilterInternal start","logger_name":"com.poptsov.marketplace.security.JwtAuthenticationFilter","thread_name":"main","level":"INFO","level_value":20000}
{"@timestamp":"2024-12-02T06:02:37.566286+05:00","@version":"1","message":"Bearer is not empty, get jwt and extract username from jwt...","logger_name":"com.poptsov.marketplace.security.JwtAuthenticationFilter","thread_name":"main","level":"INFO","level_value":20000}
{"@timestamp":"2024-12-02T06:02:37.5702826+05:00","@version":"1","message":"Username not null, and authentication is null, try to get user...","logger_name":"com.poptsov.marketplace.security.JwtAuthenticationFilter","thread_name":"main","level":"INFO","level_value":20000}
{"@timestamp":"2024-12-02T06:02:37.5712859+05:00","@version":"1","message":"User  found: null","logger_name":"com.poptsov.marketplace.security.JwtAuthenticationFilter","thread_name":"main","level":"INFO","level_value":20000}
{"@timestamp":"2024-12-02T06:02:37.5732844+05:00","@version":"1","message":"Ban checked for user: testUser","logger_name":"com.poptsov.marketplace.security.JwtAuthenticationFilter","thread_name":"main","level":"INFO","level_value":20000}
{"@timestamp":"2024-12-02T06:02:37.5742806+05:00","@version":"1","message":"User  is not banned.","logger_name":"com.poptsov.marketplace.security.JwtAuthenticationFilter","thread_name":"main","level":"INFO","level_value":20000}
{"@timestamp":"2024-12-02T06:02:37.5742806+05:00","@version":"1","message":"Try to authenticate user...","logger_name":"com.poptsov.marketplace.security.JwtAuthenticationFilter","thread_name":"main","level":"INFO","level_value":20000}
{"@timestamp":"2024-12-02T06:02:37.5752819+05:00","@version":"1","message":"Token is valid, create context...","logger_name":"com.poptsov.marketplace.security.JwtAuthenticationFilter","thread_name":"main","level":"INFO","level_value":20000}
{"@timestamp":"2024-12-02T06:02:37.577281+05:00","@version":"1","message":"Generate new UsernamePasswordAuthenticationToken...","logger_name":"com.poptsov.marketplace.security.JwtAuthenticationFilter","thread_name":"main","level":"INFO","level_value":20000}
{"@timestamp":"2024-12-02T06:02:37.5792817+05:00","@version":"1","message":"Put authToken into context...","logger_name":"com.poptsov.marketplace.security.JwtAuthenticationFilter","thread_name":"main","level":"INFO","level_value":20000}
{"@timestamp":"2024-12-02T06:02:37.5802809+05:00","@version":"1","message":"Put context into SecurityContextHolder","logger_name":"com.poptsov.marketplace.security.JwtAuthenticationFilter","thread_name":"main","level":"INFO","level_value":20000}
{"@timestamp":"2024-12-02T06:02:37.5812811+05:00","@version":"1","message":"doFilterInternal end","logger_name":"com.poptsov.marketplace.security.JwtAuthenticationFilter","thread_name":"main","level":"INFO","level_value":20000}
{"@timestamp":"2024-12-02T06:02:37.7092808+05:00","@version":"1","message":"doFilterInternal start","logger_name":"com.poptsov.marketplace.security.JwtAuthenticationFilter","thread_name":"main","level":"INFO","level_value":20000}
{"@timestamp":"2024-12-02T06:02:37.7102815+05:00","@version":"1","message":"Bearer is not empty, get jwt and extract username from jwt...","logger_name":"com.poptsov.marketplace.security.JwtAuthenticationFilter","thread_name":"main","level":"INFO","level_value":20000}
{"@timestamp":"2024-12-02T06:02:37.711283+05:00","@version":"1","message":"Error extracting username from JWT: Invalid token","logger_name":"com.poptsov.marketplace.security.JwtAuthenticationFilter","thread_name":"main","level":"ERROR","level_value":40000}
{"@timestamp":"2024-12-02T06:02:37.7292824+05:00","@version":"1","message":"doFilterInternal start","logger_name":"com.poptsov.marketplace.security.JwtAuthenticationFilter","thread_name":"main","level":"INFO","level_value":20000}
{"@timestamp":"2024-12-02T06:02:37.7292824+05:00","@version":"1","message":"Bearer is not empty, get jwt and extract username from jwt...","logger_name":"com.poptsov.marketplace.security.JwtAuthenticationFilter","thread_name":"main","level":"INFO","level_value":20000}
{"@timestamp":"2024-12-02T06:02:37.7302817+05:00","@version":"1","message":"doFilterInternal end","logger_name":"com.poptsov.marketplace.security.JwtAuthenticationFilter","thread_name":"main","level":"INFO","level_value":20000}
{"@timestamp":"2024-12-02T06:02:37.7642868+05:00","@version":"1","message":"doFilterInternal start","logger_name":"com.poptsov.marketplace.security.JwtAuthenticationFilter","thread_name":"main","level":"INFO","level_value":20000}
{"@timestamp":"2024-12-02T06:02:37.7652818+05:00","@version":"1","message":"Bearer is empty, return filterChain.doFilter","logger_name":"com.poptsov.marketplace.security.JwtAuthenticationFilter","thread_name":"main","level":"INFO","level_value":20000}
{"@timestamp":"2024-12-02T06:03:28.7725053+05:00","@version":"1","message":"doFilterInternal start","logger_name":"com.poptsov.marketplace.security.JwtAuthenticationFilter","thread_name":"main","level":"INFO","level_value":20000}
{"@timestamp":"2024-12-02T06:03:28.794503+05:00","@version":"1","message":"Bearer is not empty, get jwt and extract username from jwt...","logger_name":"com.poptsov.marketplace.security.JwtAuthenticationFilter","thread_name":"main","level":"INFO","level_value":20000}
{"@timestamp":"2024-12-02T06:03:28.800507+05:00","@version":"1","message":"Username not null, and authentication is null, try to get user...","logger_name":"com.poptsov.marketplace.security.JwtAuthenticationFilter","thread_name":"main","level":"INFO","level_value":20000}
{"@timestamp":"2024-12-02T06:03:28.8015076+05:00","@version":"1","message":"User  found: null","logger_name":"com.poptsov.marketplace.security.JwtAuthenticationFilter","thread_name":"main","level":"INFO","level_value":20000}
{"@timestamp":"2024-12-02T06:03:28.803506+05:00","@version":"1","message":"Ban checked for user: testUser","logger_name":"com.poptsov.marketplace.security.JwtAuthenticationFilter","thread_name":"main","level":"INFO","level_value":20000}
{"@timestamp":"2024-12-02T06:03:28.8045067+05:00","@version":"1","message":"User  is not banned.","logger_name":"com.poptsov.marketplace.security.JwtAuthenticationFilter","thread_name":"main","level":"INFO","level_value":20000}
{"@timestamp":"2024-12-02T06:03:28.8045067+05:00","@version":"1","message":"Try to authenticate user...","logger_name":"com.poptsov.marketplace.security.JwtAuthenticationFilter","thread_name":"main","level":"INFO","level_value":20000}
{"@timestamp":"2024-12-02T06:03:28.8045067+05:00","@version":"1","message":"Token is valid, create context...","logger_name":"com.poptsov.marketplace.security.JwtAuthenticationFilter","thread_name":"main","level":"INFO","level_value":20000}
{"@timestamp":"2024-12-02T06:03:28.8065057+05:00","@version":"1","message":"Generate new UsernamePasswordAuthenticationToken...","logger_name":"com.poptsov.marketplace.security.JwtAuthenticationFilter","thread_name":"main","level":"INFO","level_value":20000}
{"@timestamp":"2024-12-02T06:03:28.8075076+05:00","@version":"1","message":"Put authToken into context...","logger_name":"com.poptsov.marketplace.security.JwtAuthenticationFilter","thread_name":"main","level":"INFO","level_value":20000}
{"@timestamp":"2024-12-02T06:03:28.8085065+05:00","@version":"1","message":"Put context into SecurityContextHolder","logger_name":"com.poptsov.marketplace.security.JwtAuthenticationFilter","thread_name":"main","level":"INFO","level_value":20000}
{"@timestamp":"2024-12-02T06:03:28.8085065+05:00","@version":"1","message":"doFilterInternal end","logger_name":"com.poptsov.marketplace.security.JwtAuthenticationFilter","thread_name":"main","level":"INFO","level_value":20000}
{"@timestamp":"2024-12-02T06:03:28.923504+05:00","@version":"1","message":"doFilterInternal start","logger_name":"com.poptsov.marketplace.security.JwtAuthenticationFilter","thread_name":"main","level":"INFO","level_value":20000}
{"@timestamp":"2024-12-02T06:03:28.923504+05:00","@version":"1","message":"Bearer is not empty, get jwt and extract username from jwt...","logger_name":"com.poptsov.marketplace.security.JwtAuthenticationFilter","thread_name":"main","level":"INFO","level_value":20000}
{"@timestamp":"2024-12-02T06:03:28.9245032+05:00","@version":"1","message":"Error extracting username from JWT: Invalid token","logger_name":"com.poptsov.marketplace.security.JwtAuthenticationFilter","thread_name":"main","level":"ERROR","level_value":40000}
