{"@timestamp":"2024-12-01T05:56:45.7378164+05:00","@version":"1","message":"Starting MarketplaceApplication using Java 17.0.12 with PID 14140 (C:\\Users\\user2\\IdeaProjects\\MarketPlaceDobrograd\\target\\classes started by user2 in C:\\Users\\user2\\IdeaProjects\\MarketPlaceDobrograd)","logger_name":"com.poptsov.marketplace.MarketplaceApplication","thread_name":"main","level":"INFO","level_value":20000}
{"@timestamp":"2024-12-01T05:56:45.7528155+05:00","@version":"1","message":"No active profile set, falling back to 1 default profile: \"default\"","logger_name":"com.poptsov.marketplace.MarketplaceApplication","thread_name":"main","level":"INFO","level_value":20000}
{"@timestamp":"2024-12-01T05:56:46.728816+05:00","@version":"1","message":"Bootstrapping Spring Data JPA repositories in DEFAULT mode.","logger_name":"org.springframework.data.repository.config.RepositoryConfigurationDelegate","thread_name":"main","level":"INFO","level_value":20000}
{"@timestamp":"2024-12-01T05:56:46.8208171+05:00","@version":"1","message":"Finished Spring Data repository scanning in 76 ms. Found 4 JPA repository interfaces.","logger_name":"org.springframework.data.repository.config.RepositoryConfigurationDelegate","thread_name":"main","level":"INFO","level_value":20000}
{"@timestamp":"2024-12-01T05:56:47.8102934+05:00","@version":"1","message":"Tomcat initialized with port 8081 (http)","logger_name":"org.springframework.boot.web.embedded.tomcat.TomcatWebServer","thread_name":"main","level":"INFO","level_value":20000}
{"@timestamp":"2024-12-01T05:56:47.8242933+05:00","@version":"1","message":"Starting service [Tomcat]","logger_name":"org.apache.catalina.core.StandardService","thread_name":"main","level":"INFO","level_value":20000}
{"@timestamp":"2024-12-01T05:56:47.825293+05:00","@version":"1","message":"Starting Servlet engine: [Apache Tomcat/10.1.31]","logger_name":"org.apache.catalina.core.StandardEngine","thread_name":"main","level":"INFO","level_value":20000}
{"@timestamp":"2024-12-01T05:56:47.9032929+05:00","@version":"1","message":"Initializing Spring embedded WebApplicationContext","logger_name":"org.apache.catalina.core.ContainerBase.[Tomcat].[localhost].[/]","thread_name":"main","level":"INFO","level_value":20000}
{"@timestamp":"2024-12-01T05:56:47.9042927+05:00","@version":"1","message":"Root WebApplicationContext: initialization completed in 2109 ms","logger_name":"org.springframework.boot.web.servlet.context.ServletWebServerApplicationContext","thread_name":"main","level":"INFO","level_value":20000}
{"@timestamp":"2024-12-01T05:56:48.1855518+05:00","@version":"1","message":"HikariPool-1 - Starting...","logger_name":"com.zaxxer.hikari.HikariDataSource","thread_name":"main","level":"INFO","level_value":20000}
{"@timestamp":"2024-12-01T05:56:48.3660944+05:00","@version":"1","message":"HikariPool-1 - Added connection org.postgresql.jdbc.PgConnection@236861da","logger_name":"com.zaxxer.hikari.pool.HikariPool","thread_name":"main","level":"INFO","level_value":20000}
{"@timestamp":"2024-12-01T05:56:48.3680959+05:00","@version":"1","message":"HikariPool-1 - Start completed.","logger_name":"com.zaxxer.hikari.HikariDataSource","thread_name":"main","level":"INFO","level_value":20000}
{"@timestamp":"2024-12-01T05:56:48.5380963+05:00","@version":"1","message":"Set default schema name to public","logger_name":"liquibase.database","thread_name":"main","level":"INFO","level_value":20000}
{"@timestamp":"2024-12-01T05:56:48.9466154+05:00","@version":"1","message":"Reading from public.databasechangelog","logger_name":"liquibase.changelog","thread_name":"main","level":"INFO","level_value":20000}
{"@timestamp":"2024-12-01T05:56:48.9996162+05:00","@version":"1","message":"Database is up to date, no changesets to execute","logger_name":"liquibase.ui","thread_name":"main","level":"INFO","level_value":20000}
{"@timestamp":"2024-12-01T05:56:49.0016142+05:00","@version":"1","message":"Reading from public.databasechangelog","logger_name":"liquibase.changelog","thread_name":"main","level":"INFO","level_value":20000}
{"@timestamp":"2024-12-01T05:56:49.0096137+05:00","@version":"1","message":"UPDATE SUMMARY","logger_name":"liquibase.util","thread_name":"main","level":"INFO","level_value":20000}
{"@timestamp":"2024-12-01T05:56:49.0096137+05:00","@version":"1","message":"Run:                          0","logger_name":"liquibase.util","thread_name":"main","level":"INFO","level_value":20000}
{"@timestamp":"2024-12-01T05:56:49.0096137+05:00","@version":"1","message":"Previously run:               1","logger_name":"liquibase.util","thread_name":"main","level":"INFO","level_value":20000}
{"@timestamp":"2024-12-01T05:56:49.0096137+05:00","@version":"1","message":"Filtered out:                 0","logger_name":"liquibase.util","thread_name":"main","level":"INFO","level_value":20000}
{"@timestamp":"2024-12-01T05:56:49.0096137+05:00","@version":"1","message":"-------------------------------","logger_name":"liquibase.util","thread_name":"main","level":"INFO","level_value":20000}
{"@timestamp":"2024-12-01T05:56:49.0096137+05:00","@version":"1","message":"Total change sets:            1","logger_name":"liquibase.util","thread_name":"main","level":"INFO","level_value":20000}
{"@timestamp":"2024-12-01T05:56:49.0106178+05:00","@version":"1","message":"Update summary generated","logger_name":"liquibase.util","thread_name":"main","level":"INFO","level_value":20000}
{"@timestamp":"2024-12-01T05:56:49.0116166+05:00","@version":"1","message":"Command execution complete","logger_name":"liquibase.command","thread_name":"main","level":"INFO","level_value":20000}
{"@timestamp":"2024-12-01T05:56:49.1606161+05:00","@version":"1","message":"HHH000204: Processing PersistenceUnitInfo [name: default]","logger_name":"org.hibernate.jpa.internal.util.LogHelper","thread_name":"main","level":"INFO","level_value":20000}
{"@timestamp":"2024-12-01T05:56:49.2396168+05:00","@version":"1","message":"HHH000412: Hibernate ORM core version 6.5.3.Final","logger_name":"org.hibernate.Version","thread_name":"main","level":"INFO","level_value":20000}
{"@timestamp":"2024-12-01T05:56:49.2836159+05:00","@version":"1","message":"HHH000026: Second-level cache disabled","logger_name":"org.hibernate.cache.internal.RegionFactoryInitiator","thread_name":"main","level":"INFO","level_value":20000}
{"@timestamp":"2024-12-01T05:56:49.6176156+05:00","@version":"1","message":"No LoadTimeWeaver setup: ignoring JPA class transformer","logger_name":"org.springframework.orm.jpa.persistenceunit.SpringPersistenceUnitInfo","thread_name":"main","level":"INFO","level_value":20000}
{"@timestamp":"2024-12-01T05:56:49.6746141+05:00","@version":"1","message":"HHH90000025: PostgreSQLDialect does not need to be specified explicitly using 'hibernate.dialect' (remove the property setting and it will be selected by default)","logger_name":"org.hibernate.orm.deprecation","thread_name":"main","level":"WARN","level_value":30000}
{"@timestamp":"2024-12-01T05:56:50.8066158+05:00","@version":"1","message":"HHH000489: No JTA platform available (set 'hibernate.transaction.jta.platform' to enable JTA platform integration)","logger_name":"org.hibernate.engine.transaction.jta.platform.internal.JtaPlatformInitiator","thread_name":"main","level":"INFO","level_value":20000}
{"@timestamp":"2024-12-01T05:56:50.9216155+05:00","@version":"1","message":"Initialized JPA EntityManagerFactory for persistence unit 'default'","logger_name":"org.springframework.orm.jpa.LocalContainerEntityManagerFactoryBean","thread_name":"main","level":"INFO","level_value":20000}
{"@timestamp":"2024-12-01T05:56:51.7119486+05:00","@version":"1","message":"Hibernate is in classpath; If applicable, HQL parser will be used.","logger_name":"org.springframework.data.jpa.repository.query.QueryEnhancerFactory","thread_name":"main","level":"INFO","level_value":20000}
{"@timestamp":"2024-12-01T05:56:52.892959+05:00","@version":"1","message":"RUN SERVICE: SERVICE METHOD : com.poptsov.marketplace.service.UserService.userDetailsService\n METHOD ARGUMENTS: [METHOD HAS NO ARGUMENTS]","logger_name":"com.poptsov.marketplace.aop.LoggingAspect","thread_name":"main","level":"INFO","level_value":20000}
{"@timestamp":"2024-12-01T05:56:52.9559582+05:00","@version":"1","message":"SERVICE RETURN RESULT: com.poptsov.marketplace.service.UserService$$Lambda$1649/0x000001bd21b3ad68@7ff48cdc","logger_name":"com.poptsov.marketplace.aop.LoggingAspect","thread_name":"main","level":"INFO","level_value":20000}
{"@timestamp":"2024-12-01T05:56:52.9569608+05:00","@version":"1","message":"SERVICE METHOD EXECUTED SUCCESSFULLY: com.poptsov.marketplace.service.UserService.userDetailsService","logger_name":"com.poptsov.marketplace.aop.LoggingAspect","thread_name":"main","level":"INFO","level_value":20000}
{"@timestamp":"2024-12-01T05:56:52.9729478+05:00","@version":"1","message":"Global AuthenticationManager configured with AuthenticationProvider bean with name authenticationProvider","logger_name":"org.springframework.security.config.annotation.authentication.configuration.InitializeAuthenticationProviderBeanManagerConfigurer$InitializeAuthenticationProviderManagerConfigurer","thread_name":"main","level":"INFO","level_value":20000}
{"@timestamp":"2024-12-01T05:56:53.301946+05:00","@version":"1","message":"spring.jpa.open-in-view is enabled by default. Therefore, database queries may be performed during view rendering. Explicitly configure spring.jpa.open-in-view to disable this warning","logger_name":"org.springframework.boot.autoconfigure.orm.jpa.JpaBaseConfiguration$JpaWebConfiguration","thread_name":"main","level":"WARN","level_value":30000}
{"@timestamp":"2024-12-01T05:56:55.2369811+05:00","@version":"1","message":"Tomcat started on port 8081 (http) with context path '/'","logger_name":"org.springframework.boot.web.embedded.tomcat.TomcatWebServer","thread_name":"main","level":"INFO","level_value":20000}
{"@timestamp":"2024-12-01T05:56:55.2479808+05:00","@version":"1","message":"Started MarketplaceApplication in 9.992 seconds (process running for 11.704)","logger_name":"com.poptsov.marketplace.MarketplaceApplication","thread_name":"main","level":"INFO","level_value":20000}
{"@timestamp":"2024-12-01T05:58:04.4419683+05:00","@version":"1","message":"Initializing Spring DispatcherServlet 'dispatcherServlet'","logger_name":"org.apache.catalina.core.ContainerBase.[Tomcat].[localhost].[/]","thread_name":"http-nio-8081-exec-1","level":"INFO","level_value":20000}
{"@timestamp":"2024-12-01T05:58:04.4419683+05:00","@version":"1","message":"Initializing Servlet 'dispatcherServlet'","logger_name":"org.springframework.web.servlet.DispatcherServlet","thread_name":"http-nio-8081-exec-1","level":"INFO","level_value":20000}
{"@timestamp":"2024-12-01T05:58:04.442969+05:00","@version":"1","message":"Completed initialization in 1 ms","logger_name":"org.springframework.web.servlet.DispatcherServlet","thread_name":"http-nio-8081-exec-1","level":"INFO","level_value":20000}
{"@timestamp":"2024-12-01T05:58:04.4659696+05:00","@version":"1","message":"doFilterInternal start","logger_name":"com.poptsov.marketplace.security.JwtAuthenticationFilter","thread_name":"http-nio-8081-exec-1","level":"INFO","level_value":20000}
{"@timestamp":"2024-12-01T05:58:04.4669689+05:00","@version":"1","message":"Bearer is not empty, get jwt and extract username from jwt...","logger_name":"com.poptsov.marketplace.security.JwtAuthenticationFilter","thread_name":"http-nio-8081-exec-1","level":"INFO","level_value":20000}
{"@timestamp":"2024-12-01T05:58:04.467969+05:00","@version":"1","message":"Extracting claim...","logger_name":"com.poptsov.marketplace.security.JwtService","thread_name":"http-nio-8081-exec-1","level":"INFO","level_value":20000}
{"@timestamp":"2024-12-01T05:58:04.467969+05:00","@version":"1","message":"Extracting all claims...","logger_name":"com.poptsov.marketplace.security.JwtService","thread_name":"http-nio-8081-exec-1","level":"INFO","level_value":20000}
{"@timestamp":"2024-12-01T05:58:04.5299687+05:00","@version":"1","message":"Getting signing key...","logger_name":"com.poptsov.marketplace.security.JwtService","thread_name":"http-nio-8081-exec-1","level":"INFO","level_value":20000}
{"@timestamp":"2024-12-01T05:58:04.5889689+05:00","@version":"1","message":"Failed to extract claims from token: JWT expired 139925587 milliseconds ago at 2024-11-29T10:05:59.000Z. Current time: 2024-12-01T00:58:04.587Z. Allowed clock skew: 0 milliseconds.","logger_name":"com.poptsov.marketplace.security.JwtService","thread_name":"http-nio-8081-exec-1","level":"ERROR","level_value":40000}
{"@timestamp":"2024-12-01T05:58:04.589969+05:00","@version":"1","message":"JWT expired: JWT expired 139925587 milliseconds ago at 2024-11-29T10:05:59.000Z. Current time: 2024-12-01T00:58:04.587Z. Allowed clock skew: 0 milliseconds.","logger_name":"com.poptsov.marketplace.security.JwtAuthenticationFilter","thread_name":"http-nio-8081-exec-1","level":"ERROR","level_value":40000}
{"@timestamp":"2024-12-01T06:02:10.0264665+05:00","@version":"1","message":"doFilterInternal start","logger_name":"com.poptsov.marketplace.security.JwtAuthenticationFilter","thread_name":"http-nio-8081-exec-5","level":"INFO","level_value":20000}
{"@timestamp":"2024-12-01T06:02:10.0264665+05:00","@version":"1","message":"Bearer is empty, return filterChain.doFilter","logger_name":"com.poptsov.marketplace.security.JwtAuthenticationFilter","thread_name":"http-nio-8081-exec-5","level":"INFO","level_value":20000}
{"@timestamp":"2024-12-01T06:02:10.1616085+05:00","@version":"1","message":"RUN CONTROLLER: New Request: IP: 0:0:0:0:0:0:0:1, URL: http://localhost:8081/auth/registration, HTTP_METHOD: POST, CONTROLLER_METHOD: com.poptsov.marketplace.http.rest.AuthController.signUp","logger_name":"com.poptsov.marketplace.aop.LoggingAspect","thread_name":"http-nio-8081-exec-5","level":"INFO","level_value":20000}
{"@timestamp":"2024-12-01T06:02:10.1636193+05:00","@version":"1","message":"RUN SERVICE: SERVICE METHOD : com.poptsov.marketplace.service.AuthenticationService.create\n METHOD ARGUMENTS: [[RegisterDto(username=Roo83141, email=poptsov.roman@mail.ru, password=121212, firstname=Док, lastname=Нортон)]]","logger_name":"com.poptsov.marketplace.aop.LoggingAspect","thread_name":"http-nio-8081-exec-5","level":"INFO","level_value":20000}
{"@timestamp":"2024-12-01T06:02:10.2536106+05:00","@version":"1","message":"RUN SERVICE: SERVICE METHOD : com.poptsov.marketplace.service.UserService.create\n METHOD ARGUMENTS: [[com.poptsov.marketplace.database.entity.User@b2877fc]]","logger_name":"com.poptsov.marketplace.aop.LoggingAspect","thread_name":"http-nio-8081-exec-5","level":"INFO","level_value":20000}
{"@timestamp":"2024-12-01T06:02:10.4215615+05:00","@version":"1","message":"SERVICE RETURN RESULT: com.poptsov.marketplace.database.entity.User@b2877fc","logger_name":"com.poptsov.marketplace.aop.LoggingAspect","thread_name":"http-nio-8081-exec-5","level":"INFO","level_value":20000}
{"@timestamp":"2024-12-01T06:02:10.4215615+05:00","@version":"1","message":"SERVICE METHOD EXECUTED SUCCESSFULLY: com.poptsov.marketplace.service.UserService.create","logger_name":"com.poptsov.marketplace.aop.LoggingAspect","thread_name":"http-nio-8081-exec-5","level":"INFO","level_value":20000}
{"@timestamp":"2024-12-01T06:02:10.4225617+05:00","@version":"1","message":"RUN SERVICE: SERVICE METHOD : com.poptsov.marketplace.service.EmailService.sendVerificationCode\n METHOD ARGUMENTS: [[poptsov.roman@mail.ru, 187893]]","logger_name":"com.poptsov.marketplace.aop.LoggingAspect","thread_name":"http-nio-8081-exec-5","level":"INFO","level_value":20000}
{"@timestamp":"2024-12-01T06:02:28.0927976+05:00","@version":"1","message":"SERVICE RETURN RESULT: null","logger_name":"com.poptsov.marketplace.aop.LoggingAspect","thread_name":"http-nio-8081-exec-5","level":"INFO","level_value":20000}
{"@timestamp":"2024-12-01T06:02:28.0937991+05:00","@version":"1","message":"SERVICE METHOD EXECUTED SUCCESSFULLY: com.poptsov.marketplace.service.EmailService.sendVerificationCode","logger_name":"com.poptsov.marketplace.aop.LoggingAspect","thread_name":"http-nio-8081-exec-5","level":"INFO","level_value":20000}
{"@timestamp":"2024-12-01T06:02:28.0937991+05:00","@version":"1","message":"SERVICE RETURN RESULT: com.poptsov.marketplace.dto.OverheadMessageDto@6b9d20b","logger_name":"com.poptsov.marketplace.aop.LoggingAspect","thread_name":"http-nio-8081-exec-5","level":"INFO","level_value":20000}
{"@timestamp":"2024-12-01T06:02:28.0937991+05:00","@version":"1","message":"SERVICE METHOD EXECUTED SUCCESSFULLY: com.poptsov.marketplace.service.AuthenticationService.create","logger_name":"com.poptsov.marketplace.aop.LoggingAspect","thread_name":"http-nio-8081-exec-5","level":"INFO","level_value":20000}
{"@timestamp":"2024-12-01T06:02:28.0937991+05:00","@version":"1","message":"CONTROLLER RETURN RESULT: com.poptsov.marketplace.dto.OverheadMessageDto@6b9d20b","logger_name":"com.poptsov.marketplace.aop.LoggingAspect","thread_name":"http-nio-8081-exec-5","level":"INFO","level_value":20000}
{"@timestamp":"2024-12-01T06:02:28.0937991+05:00","@version":"1","message":"CONTROLLER METHOD EXECUTED SUCCESSFULLY: com.poptsov.marketplace.http.rest.AuthController.signUp","logger_name":"com.poptsov.marketplace.aop.LoggingAspect","thread_name":"http-nio-8081-exec-5","level":"INFO","level_value":20000}
{"@timestamp":"2024-12-01T06:02:28.0937991+05:00","@version":"1","message":"Execution method: com.poptsov.marketplace.http.rest.AuthController.signUp. Execution time: 17933","logger_name":"com.poptsov.marketplace.aop.LoggingAspect","thread_name":"http-nio-8081-exec-5","level":"INFO","level_value":20000}
{"@timestamp":"2024-12-01T06:03:15.7480567+05:00","@version":"1","message":"doFilterInternal start","logger_name":"com.poptsov.marketplace.security.JwtAuthenticationFilter","thread_name":"http-nio-8081-exec-7","level":"INFO","level_value":20000}
{"@timestamp":"2024-12-01T06:03:15.7480567+05:00","@version":"1","message":"Bearer is empty, return filterChain.doFilter","logger_name":"com.poptsov.marketplace.security.JwtAuthenticationFilter","thread_name":"http-nio-8081-exec-7","level":"INFO","level_value":20000}
{"@timestamp":"2024-12-01T06:03:15.7520655+05:00","@version":"1","message":"RUN CONTROLLER: New Request: IP: 0:0:0:0:0:0:0:1, URL: http://localhost:8081/auth/verify-code, HTTP_METHOD: POST, CONTROLLER_METHOD: com.poptsov.marketplace.http.rest.AuthController.verifyCode","logger_name":"com.poptsov.marketplace.aop.LoggingAspect","thread_name":"http-nio-8081-exec-7","level":"INFO","level_value":20000}
{"@timestamp":"2024-12-01T06:03:15.7531048+05:00","@version":"1","message":"RUN SERVICE: SERVICE METHOD : com.poptsov.marketplace.service.AuthenticationService.verifyCode\n METHOD ARGUMENTS: [[com.poptsov.marketplace.dto.VerificationCodeDto@2f037f3b]]","logger_name":"com.poptsov.marketplace.aop.LoggingAspect","thread_name":"http-nio-8081-exec-7","level":"INFO","level_value":20000}
{"@timestamp":"2024-12-01T06:03:15.7531048+05:00","@version":"1","message":"RUN SERVICE: SERVICE METHOD : com.poptsov.marketplace.service.UserService.findByEmail\n METHOD ARGUMENTS: [[poptsov.roman@mail.ru]]","logger_name":"com.poptsov.marketplace.aop.LoggingAspect","thread_name":"http-nio-8081-exec-7","level":"INFO","level_value":20000}
{"@timestamp":"2024-12-01T06:03:15.7898679+05:00","@version":"1","message":"SERVICE RETURN RESULT: com.poptsov.marketplace.database.entity.User@621b108a","logger_name":"com.poptsov.marketplace.aop.LoggingAspect","thread_name":"http-nio-8081-exec-7","level":"INFO","level_value":20000}
{"@timestamp":"2024-12-01T06:03:15.7898679+05:00","@version":"1","message":"SERVICE METHOD EXECUTED SUCCESSFULLY: com.poptsov.marketplace.service.UserService.findByEmail","logger_name":"com.poptsov.marketplace.aop.LoggingAspect","thread_name":"http-nio-8081-exec-7","level":"INFO","level_value":20000}
{"@timestamp":"2024-12-01T06:03:15.7898679+05:00","@version":"1","message":"Payload generated...","logger_name":"com.poptsov.marketplace.security.JwtService","thread_name":"http-nio-8081-exec-7","level":"INFO","level_value":20000}
{"@timestamp":"2024-12-01T06:03:15.7898679+05:00","@version":"1","message":"Generating token...","logger_name":"com.poptsov.marketplace.security.JwtService","thread_name":"http-nio-8081-exec-7","level":"INFO","level_value":20000}
{"@timestamp":"2024-12-01T06:03:15.797871+05:00","@version":"1","message":"Getting signing key...","logger_name":"com.poptsov.marketplace.security.JwtService","thread_name":"http-nio-8081-exec-7","level":"INFO","level_value":20000}
{"@timestamp":"2024-12-01T06:03:15.8148706+05:00","@version":"1","message":"Token generated for user: Roo83141","logger_name":"com.poptsov.marketplace.security.JwtService","thread_name":"http-nio-8081-exec-7","level":"INFO","level_value":20000}
{"@timestamp":"2024-12-01T06:03:15.8148706+05:00","@version":"1","message":"SERVICE RETURN RESULT: JwtAuthenticationResponse(token=eyJhbGciOiJIUzI1NiJ9.eyJmaXJzdG5hbWUiOiLQlNC-0LoiLCJyb2xlIjoidXNlciIsImlkIjoxLCJpc0FkbWluIjpmYWxzZSwibGFzdG5hbWUiOiLQndC-0YDRgtC-0L0iLCJzdWIiOiJSb284MzE0MSIsImlhdCI6MTczMzAxNDk5NSwiZXhwIjoxNzMzMTU4OTk1fQ.o5o-pall9_UsBtkJIS-LifRTYtu-xKtxH_gUMv-Smy0)","logger_name":"com.poptsov.marketplace.aop.LoggingAspect","thread_name":"http-nio-8081-exec-7","level":"INFO","level_value":20000}
{"@timestamp":"2024-12-01T06:03:15.8158707+05:00","@version":"1","message":"SERVICE METHOD EXECUTED SUCCESSFULLY: com.poptsov.marketplace.service.AuthenticationService.verifyCode","logger_name":"com.poptsov.marketplace.aop.LoggingAspect","thread_name":"http-nio-8081-exec-7","level":"INFO","level_value":20000}
{"@timestamp":"2024-12-01T06:03:15.8158707+05:00","@version":"1","message":"CONTROLLER RETURN RESULT: JwtAuthenticationResponse(token=eyJhbGciOiJIUzI1NiJ9.eyJmaXJzdG5hbWUiOiLQlNC-0LoiLCJyb2xlIjoidXNlciIsImlkIjoxLCJpc0FkbWluIjpmYWxzZSwibGFzdG5hbWUiOiLQndC-0YDRgtC-0L0iLCJzdWIiOiJSb284MzE0MSIsImlhdCI6MTczMzAxNDk5NSwiZXhwIjoxNzMzMTU4OTk1fQ.o5o-pall9_UsBtkJIS-LifRTYtu-xKtxH_gUMv-Smy0)","logger_name":"com.poptsov.marketplace.aop.LoggingAspect","thread_name":"http-nio-8081-exec-7","level":"INFO","level_value":20000}
{"@timestamp":"2024-12-01T06:03:15.8158707+05:00","@version":"1","message":"CONTROLLER METHOD EXECUTED SUCCESSFULLY: com.poptsov.marketplace.http.rest.AuthController.verifyCode","logger_name":"com.poptsov.marketplace.aop.LoggingAspect","thread_name":"http-nio-8081-exec-7","level":"INFO","level_value":20000}
{"@timestamp":"2024-12-01T06:03:15.8158707+05:00","@version":"1","message":"Execution method: com.poptsov.marketplace.http.rest.AuthController.verifyCode. Execution time: 63","logger_name":"com.poptsov.marketplace.aop.LoggingAspect","thread_name":"http-nio-8081-exec-7","level":"INFO","level_value":20000}
{"@timestamp":"2024-12-01T06:03:27.8100985+05:00","@version":"1","message":"doFilterInternal start","logger_name":"com.poptsov.marketplace.security.JwtAuthenticationFilter","thread_name":"http-nio-8081-exec-8","level":"INFO","level_value":20000}
{"@timestamp":"2024-12-01T06:03:27.8100985+05:00","@version":"1","message":"Bearer is not empty, get jwt and extract username from jwt...","logger_name":"com.poptsov.marketplace.security.JwtAuthenticationFilter","thread_name":"http-nio-8081-exec-8","level":"INFO","level_value":20000}
{"@timestamp":"2024-12-01T06:03:27.8110985+05:00","@version":"1","message":"Extracting claim...","logger_name":"com.poptsov.marketplace.security.JwtService","thread_name":"http-nio-8081-exec-8","level":"INFO","level_value":20000}
{"@timestamp":"2024-12-01T06:03:27.8110985+05:00","@version":"1","message":"Extracting all claims...","logger_name":"com.poptsov.marketplace.security.JwtService","thread_name":"http-nio-8081-exec-8","level":"INFO","level_value":20000}
{"@timestamp":"2024-12-01T06:03:27.8110985+05:00","@version":"1","message":"Getting signing key...","logger_name":"com.poptsov.marketplace.security.JwtService","thread_name":"http-nio-8081-exec-8","level":"INFO","level_value":20000}
{"@timestamp":"2024-12-01T06:03:27.8130984+05:00","@version":"1","message":"Username not null, and authentication is null, try to get user...","logger_name":"com.poptsov.marketplace.security.JwtAuthenticationFilter","thread_name":"http-nio-8081-exec-8","level":"INFO","level_value":20000}
{"@timestamp":"2024-12-01T06:03:27.8130984+05:00","@version":"1","message":"RUN SERVICE: SERVICE METHOD : com.poptsov.marketplace.service.UserService.userDetailsService\n METHOD ARGUMENTS: [METHOD HAS NO ARGUMENTS]","logger_name":"com.poptsov.marketplace.aop.LoggingAspect","thread_name":"http-nio-8081-exec-8","level":"INFO","level_value":20000}
{"@timestamp":"2024-12-01T06:03:27.8140997+05:00","@version":"1","message":"SERVICE RETURN RESULT: com.poptsov.marketplace.service.UserService$$Lambda$1649/0x000001bd21b3ad68@595eb9d3","logger_name":"com.poptsov.marketplace.aop.LoggingAspect","thread_name":"http-nio-8081-exec-8","level":"INFO","level_value":20000}
{"@timestamp":"2024-12-01T06:03:27.8150994+05:00","@version":"1","message":"SERVICE METHOD EXECUTED SUCCESSFULLY: com.poptsov.marketplace.service.UserService.userDetailsService","logger_name":"com.poptsov.marketplace.aop.LoggingAspect","thread_name":"http-nio-8081-exec-8","level":"INFO","level_value":20000}
{"@timestamp":"2024-12-01T06:03:27.8605964+05:00","@version":"1","message":"User  found: Roo83141","logger_name":"com.poptsov.marketplace.security.JwtAuthenticationFilter","thread_name":"http-nio-8081-exec-8","level":"INFO","level_value":20000}
{"@timestamp":"2024-12-01T06:03:27.8615945+05:00","@version":"1","message":"RUN SERVICE: SERVICE METHOD : com.poptsov.marketplace.service.UserService.isUserBanned\n METHOD ARGUMENTS: [[Roo83141]]","logger_name":"com.poptsov.marketplace.aop.LoggingAspect","thread_name":"http-nio-8081-exec-8","level":"INFO","level_value":20000}
{"@timestamp":"2024-12-01T06:03:27.8655954+05:00","@version":"1","message":"SERVICE RETURN RESULT: false","logger_name":"com.poptsov.marketplace.aop.LoggingAspect","thread_name":"http-nio-8081-exec-8","level":"INFO","level_value":20000}
{"@timestamp":"2024-12-01T06:03:27.8665989+05:00","@version":"1","message":"SERVICE METHOD EXECUTED SUCCESSFULLY: com.poptsov.marketplace.service.UserService.isUserBanned","logger_name":"com.poptsov.marketplace.aop.LoggingAspect","thread_name":"http-nio-8081-exec-8","level":"INFO","level_value":20000}
{"@timestamp":"2024-12-01T06:03:27.8665989+05:00","@version":"1","message":"Ban checked for user: Roo83141","logger_name":"com.poptsov.marketplace.security.JwtAuthenticationFilter","thread_name":"http-nio-8081-exec-8","level":"INFO","level_value":20000}
{"@timestamp":"2024-12-01T06:03:27.8665989+05:00","@version":"1","message":"User  is not banned.","logger_name":"com.poptsov.marketplace.security.JwtAuthenticationFilter","thread_name":"http-nio-8081-exec-8","level":"INFO","level_value":20000}
{"@timestamp":"2024-12-01T06:03:27.8665989+05:00","@version":"1","message":"Try to authenticate user...","logger_name":"com.poptsov.marketplace.security.JwtAuthenticationFilter","thread_name":"http-nio-8081-exec-8","level":"INFO","level_value":20000}
{"@timestamp":"2024-12-01T06:03:27.8665989+05:00","@version":"1","message":"Checking if token is valid...","logger_name":"com.poptsov.marketplace.security.JwtService","thread_name":"http-nio-8081-exec-8","level":"INFO","level_value":20000}
{"@timestamp":"2024-12-01T06:03:27.8665989+05:00","@version":"1","message":"Extracting claim...","logger_name":"com.poptsov.marketplace.security.JwtService","thread_name":"http-nio-8081-exec-8","level":"INFO","level_value":20000}
{"@timestamp":"2024-12-01T06:03:27.8665989+05:00","@version":"1","message":"Extracting all claims...","logger_name":"com.poptsov.marketplace.security.JwtService","thread_name":"http-nio-8081-exec-8","level":"INFO","level_value":20000}
{"@timestamp":"2024-12-01T06:03:27.8665989+05:00","@version":"1","message":"Getting signing key...","logger_name":"com.poptsov.marketplace.security.JwtService","thread_name":"http-nio-8081-exec-8","level":"INFO","level_value":20000}
{"@timestamp":"2024-12-01T06:03:27.8675965+05:00","@version":"1","message":"Checking if token is expired...","logger_name":"com.poptsov.marketplace.security.JwtService","thread_name":"http-nio-8081-exec-8","level":"INFO","level_value":20000}
{"@timestamp":"2024-12-01T06:03:27.8675965+05:00","@version":"1","message":"Extracting expiration date...","logger_name":"com.poptsov.marketplace.security.JwtService","thread_name":"http-nio-8081-exec-8","level":"INFO","level_value":20000}
{"@timestamp":"2024-12-01T06:03:27.8675965+05:00","@version":"1","message":"Extracting claim...","logger_name":"com.poptsov.marketplace.security.JwtService","thread_name":"http-nio-8081-exec-8","level":"INFO","level_value":20000}
{"@timestamp":"2024-12-01T06:03:27.8675965+05:00","@version":"1","message":"Extracting all claims...","logger_name":"com.poptsov.marketplace.security.JwtService","thread_name":"http-nio-8081-exec-8","level":"INFO","level_value":20000}
{"@timestamp":"2024-12-01T06:03:27.8675965+05:00","@version":"1","message":"Getting signing key...","logger_name":"com.poptsov.marketplace.security.JwtService","thread_name":"http-nio-8081-exec-8","level":"INFO","level_value":20000}
{"@timestamp":"2024-12-01T06:03:27.8686016+05:00","@version":"1","message":"Is token valid = true","logger_name":"com.poptsov.marketplace.security.JwtService","thread_name":"http-nio-8081-exec-8","level":"INFO","level_value":20000}
{"@timestamp":"2024-12-01T06:03:27.8686016+05:00","@version":"1","message":"Token is valid, create context...","logger_name":"com.poptsov.marketplace.security.JwtAuthenticationFilter","thread_name":"http-nio-8081-exec-8","level":"INFO","level_value":20000}
{"@timestamp":"2024-12-01T06:03:27.8686016+05:00","@version":"1","message":"Generate new UsernamePasswordAuthenticationToken...","logger_name":"com.poptsov.marketplace.security.JwtAuthenticationFilter","thread_name":"http-nio-8081-exec-8","level":"INFO","level_value":20000}
{"@timestamp":"2024-12-01T06:03:27.8686016+05:00","@version":"1","message":"Put authToken into context...","logger_name":"com.poptsov.marketplace.security.JwtAuthenticationFilter","thread_name":"http-nio-8081-exec-8","level":"INFO","level_value":20000}
{"@timestamp":"2024-12-01T06:03:27.8695975+05:00","@version":"1","message":"Put context into SecurityContextHolder","logger_name":"com.poptsov.marketplace.security.JwtAuthenticationFilter","thread_name":"http-nio-8081-exec-8","level":"INFO","level_value":20000}
{"@timestamp":"2024-12-01T06:03:27.8705965+05:00","@version":"1","message":"RUN CONTROLLER: New Request: IP: 0:0:0:0:0:0:0:1, URL: http://localhost:8081/users/me, HTTP_METHOD: GET, CONTROLLER_METHOD: com.poptsov.marketplace.http.rest.UserController.getMyself","logger_name":"com.poptsov.marketplace.aop.LoggingAspect","thread_name":"http-nio-8081-exec-8","level":"INFO","level_value":20000}
{"@timestamp":"2024-12-01T06:03:27.8715947+05:00","@version":"1","message":"RUN SERVICE: SERVICE METHOD : com.poptsov.marketplace.service.UserService.getMyself\n METHOD ARGUMENTS: [METHOD HAS NO ARGUMENTS]","logger_name":"com.poptsov.marketplace.aop.LoggingAspect","thread_name":"http-nio-8081-exec-8","level":"INFO","level_value":20000}
{"@timestamp":"2024-12-01T06:03:27.8765972+05:00","@version":"1","message":"SERVICE RETURN RESULT: UserReadDto(id=1, username=Roo83141, email=poptsov.roman@mail.ru, firstname=Док, lastname=Нортон, steamId=null, role=user, isAdmin=false, isBanned=false, createdAt=2024-12-01 06:02:10.253)","logger_name":"com.poptsov.marketplace.aop.LoggingAspect","thread_name":"http-nio-8081-exec-8","level":"INFO","level_value":20000}
{"@timestamp":"2024-12-01T06:03:27.8825962+05:00","@version":"1","message":"SERVICE METHOD EXECUTED SUCCESSFULLY: com.poptsov.marketplace.service.UserService.getMyself","logger_name":"com.poptsov.marketplace.aop.LoggingAspect","thread_name":"http-nio-8081-exec-8","level":"INFO","level_value":20000}
{"@timestamp":"2024-12-01T06:03:27.8836074+05:00","@version":"1","message":"CONTROLLER RETURN RESULT: <200 OK OK,UserReadDto(id=1, username=Roo83141, email=poptsov.roman@mail.ru, firstname=Док, lastname=Нортон, steamId=null, role=user, isAdmin=false, isBanned=false, createdAt=2024-12-01 06:02:10.253),[]>","logger_name":"com.poptsov.marketplace.aop.LoggingAspect","thread_name":"http-nio-8081-exec-8","level":"INFO","level_value":20000}
{"@timestamp":"2024-12-01T06:03:27.8855977+05:00","@version":"1","message":"CONTROLLER METHOD EXECUTED SUCCESSFULLY: com.poptsov.marketplace.http.rest.UserController.getMyself","logger_name":"com.poptsov.marketplace.aop.LoggingAspect","thread_name":"http-nio-8081-exec-8","level":"INFO","level_value":20000}
{"@timestamp":"2024-12-01T06:03:27.8855977+05:00","@version":"1","message":"Execution method: com.poptsov.marketplace.http.rest.UserController.getMyself. Execution time: 15","logger_name":"com.poptsov.marketplace.aop.LoggingAspect","thread_name":"http-nio-8081-exec-8","level":"INFO","level_value":20000}
{"@timestamp":"2024-12-01T06:03:27.895597+05:00","@version":"1","message":"doFilterInternal end","logger_name":"com.poptsov.marketplace.security.JwtAuthenticationFilter","thread_name":"http-nio-8081-exec-8","level":"INFO","level_value":20000}
{"@timestamp":"2024-12-01T06:03:33.9033535+05:00","@version":"1","message":"Closing JPA EntityManagerFactory for persistence unit 'default'","logger_name":"org.springframework.orm.jpa.LocalContainerEntityManagerFactoryBean","thread_name":"SpringApplicationShutdownHook","level":"INFO","level_value":20000}
{"@timestamp":"2024-12-01T06:03:33.9063513+05:00","@version":"1","message":"HikariPool-1 - Shutdown initiated...","logger_name":"com.zaxxer.hikari.HikariDataSource","thread_name":"SpringApplicationShutdownHook","level":"INFO","level_value":20000}
{"@timestamp":"2024-12-01T06:03:33.9163519+05:00","@version":"1","message":"HikariPool-1 - Shutdown completed.","logger_name":"com.zaxxer.hikari.HikariDataSource","thread_name":"SpringApplicationShutdownHook","level":"INFO","level_value":20000}
