{"@timestamp":"2024-11-29T02:08:41.2007495+05:00","@version":"1","message":"Starting MarketplaceApplication using Java 17.0.12 with PID 14052 (C:\\Users\\user2\\IdeaProjects\\MarketPlaceDobrograd\\target\\classes started by user2 in C:\\Users\\user2\\IdeaProjects\\MarketPlaceDobrograd)","logger_name":"com.poptsov.marketplace.MarketplaceApplication","thread_name":"main","level":"INFO","level_value":20000}
{"@timestamp":"2024-11-29T02:08:41.211737+05:00","@version":"1","message":"No active profile set, falling back to 1 default profile: \"default\"","logger_name":"com.poptsov.marketplace.MarketplaceApplication","thread_name":"main","level":"INFO","level_value":20000}
{"@timestamp":"2024-11-29T02:08:41.8947481+05:00","@version":"1","message":"Bootstrapping Spring Data JPA repositories in DEFAULT mode.","logger_name":"org.springframework.data.repository.config.RepositoryConfigurationDelegate","thread_name":"main","level":"INFO","level_value":20000}
{"@timestamp":"2024-11-29T02:08:41.967736+05:00","@version":"1","message":"Finished Spring Data repository scanning in 65 ms. Found 4 JPA repository interfaces.","logger_name":"org.springframework.data.repository.config.RepositoryConfigurationDelegate","thread_name":"main","level":"INFO","level_value":20000}
{"@timestamp":"2024-11-29T02:08:42.8697385+05:00","@version":"1","message":"Tomcat initialized with port 8081 (http)","logger_name":"org.springframework.boot.web.embedded.tomcat.TomcatWebServer","thread_name":"main","level":"INFO","level_value":20000}
{"@timestamp":"2024-11-29T02:08:42.8837486+05:00","@version":"1","message":"Starting service [Tomcat]","logger_name":"org.apache.catalina.core.StandardService","thread_name":"main","level":"INFO","level_value":20000}
{"@timestamp":"2024-11-29T02:08:42.8837486+05:00","@version":"1","message":"Starting Servlet engine: [Apache Tomcat/10.1.31]","logger_name":"org.apache.catalina.core.StandardEngine","thread_name":"main","level":"INFO","level_value":20000}
{"@timestamp":"2024-11-29T02:08:42.9527361+05:00","@version":"1","message":"Initializing Spring embedded WebApplicationContext","logger_name":"org.apache.catalina.core.ContainerBase.[Tomcat].[localhost].[/]","thread_name":"main","level":"INFO","level_value":20000}
{"@timestamp":"2024-11-29T02:08:42.9527361+05:00","@version":"1","message":"Root WebApplicationContext: initialization completed in 1703 ms","logger_name":"org.springframework.boot.web.servlet.context.ServletWebServerApplicationContext","thread_name":"main","level":"INFO","level_value":20000}
{"@timestamp":"2024-11-29T02:08:43.2117339+05:00","@version":"1","message":"HikariPool-1 - Starting...","logger_name":"com.zaxxer.hikari.HikariDataSource","thread_name":"main","level":"INFO","level_value":20000}
{"@timestamp":"2024-11-29T02:08:43.3687379+05:00","@version":"1","message":"HikariPool-1 - Added connection org.postgresql.jdbc.PgConnection@7c226095","logger_name":"com.zaxxer.hikari.pool.HikariPool","thread_name":"main","level":"INFO","level_value":20000}
{"@timestamp":"2024-11-29T02:08:43.3707364+05:00","@version":"1","message":"HikariPool-1 - Start completed.","logger_name":"com.zaxxer.hikari.HikariDataSource","thread_name":"main","level":"INFO","level_value":20000}
{"@timestamp":"2024-11-29T02:08:43.5067495+05:00","@version":"1","message":"Set default schema name to public","logger_name":"liquibase.database","thread_name":"main","level":"INFO","level_value":20000}
{"@timestamp":"2024-11-29T02:08:43.8557482+05:00","@version":"1","message":"Reading from public.databasechangelog","logger_name":"liquibase.changelog","thread_name":"main","level":"INFO","level_value":20000}
{"@timestamp":"2024-11-29T02:08:43.8868499+05:00","@version":"1","message":"Database is up to date, no changesets to execute","logger_name":"liquibase.ui","thread_name":"main","level":"INFO","level_value":20000}
{"@timestamp":"2024-11-29T02:08:43.8887385+05:00","@version":"1","message":"Reading from public.databasechangelog","logger_name":"liquibase.changelog","thread_name":"main","level":"INFO","level_value":20000}
{"@timestamp":"2024-11-29T02:08:43.8947385+05:00","@version":"1","message":"UPDATE SUMMARY","logger_name":"liquibase.util","thread_name":"main","level":"INFO","level_value":20000}
{"@timestamp":"2024-11-29T02:08:43.8957368+05:00","@version":"1","message":"Run:                          0","logger_name":"liquibase.util","thread_name":"main","level":"INFO","level_value":20000}
{"@timestamp":"2024-11-29T02:08:43.8957368+05:00","@version":"1","message":"Previously run:               1","logger_name":"liquibase.util","thread_name":"main","level":"INFO","level_value":20000}
{"@timestamp":"2024-11-29T02:08:43.8957368+05:00","@version":"1","message":"Filtered out:                 0","logger_name":"liquibase.util","thread_name":"main","level":"INFO","level_value":20000}
{"@timestamp":"2024-11-29T02:08:43.8957368+05:00","@version":"1","message":"-------------------------------","logger_name":"liquibase.util","thread_name":"main","level":"INFO","level_value":20000}
{"@timestamp":"2024-11-29T02:08:43.8957368+05:00","@version":"1","message":"Total change sets:            1","logger_name":"liquibase.util","thread_name":"main","level":"INFO","level_value":20000}
{"@timestamp":"2024-11-29T02:08:43.8967378+05:00","@version":"1","message":"Update summary generated","logger_name":"liquibase.util","thread_name":"main","level":"INFO","level_value":20000}
{"@timestamp":"2024-11-29T02:08:43.8977367+05:00","@version":"1","message":"Command execution complete","logger_name":"liquibase.command","thread_name":"main","level":"INFO","level_value":20000}
{"@timestamp":"2024-11-29T02:08:44.0267371+05:00","@version":"1","message":"HHH000204: Processing PersistenceUnitInfo [name: default]","logger_name":"org.hibernate.jpa.internal.util.LogHelper","thread_name":"main","level":"INFO","level_value":20000}
{"@timestamp":"2024-11-29T02:08:44.0837406+05:00","@version":"1","message":"HHH000412: Hibernate ORM core version 6.5.3.Final","logger_name":"org.hibernate.Version","thread_name":"main","level":"INFO","level_value":20000}
{"@timestamp":"2024-11-29T02:08:44.1257363+05:00","@version":"1","message":"HHH000026: Second-level cache disabled","logger_name":"org.hibernate.cache.internal.RegionFactoryInitiator","thread_name":"main","level":"INFO","level_value":20000}
{"@timestamp":"2024-11-29T02:08:44.4587339+05:00","@version":"1","message":"No LoadTimeWeaver setup: ignoring JPA class transformer","logger_name":"org.springframework.orm.jpa.persistenceunit.SpringPersistenceUnitInfo","thread_name":"main","level":"INFO","level_value":20000}
{"@timestamp":"2024-11-29T02:08:44.5067394+05:00","@version":"1","message":"HHH90000025: PostgreSQLDialect does not need to be specified explicitly using 'hibernate.dialect' (remove the property setting and it will be selected by default)","logger_name":"org.hibernate.orm.deprecation","thread_name":"main","level":"WARN","level_value":30000}
{"@timestamp":"2024-11-29T02:08:45.5047344+05:00","@version":"1","message":"HHH000489: No JTA platform available (set 'hibernate.transaction.jta.platform' to enable JTA platform integration)","logger_name":"org.hibernate.engine.transaction.jta.platform.internal.JtaPlatformInitiator","thread_name":"main","level":"INFO","level_value":20000}
{"@timestamp":"2024-11-29T02:08:45.601736+05:00","@version":"1","message":"Initialized JPA EntityManagerFactory for persistence unit 'default'","logger_name":"org.springframework.orm.jpa.LocalContainerEntityManagerFactoryBean","thread_name":"main","level":"INFO","level_value":20000}
{"@timestamp":"2024-11-29T02:08:46.3408709+05:00","@version":"1","message":"Hibernate is in classpath; If applicable, HQL parser will be used.","logger_name":"org.springframework.data.jpa.repository.query.QueryEnhancerFactory","thread_name":"main","level":"INFO","level_value":20000}
{"@timestamp":"2024-11-29T02:08:47.4408668+05:00","@version":"1","message":"RUN SERVICE: SERVICE METHOD : com.poptsov.marketplace.service.UserService.userDetailsService\n METHOD ARGUMENTS: [METHOD HAS NO ARGUMENTS]","logger_name":"com.poptsov.marketplace.aop.LoggingAspect","thread_name":"main","level":"INFO","level_value":20000}
{"@timestamp":"2024-11-29T02:08:47.5088586+05:00","@version":"1","message":"SERVICE RETURN RESULT: com.poptsov.marketplace.service.UserService$$Lambda$1649/0x00000201bdb14400@2c73a332","logger_name":"com.poptsov.marketplace.aop.LoggingAspect","thread_name":"main","level":"INFO","level_value":20000}
{"@timestamp":"2024-11-29T02:08:47.5098606+05:00","@version":"1","message":"SERVICE METHOD EXECUTED SUCCESSFULLY: com.poptsov.marketplace.service.UserService.userDetailsService","logger_name":"com.poptsov.marketplace.aop.LoggingAspect","thread_name":"main","level":"INFO","level_value":20000}
{"@timestamp":"2024-11-29T02:08:47.5268606+05:00","@version":"1","message":"Global AuthenticationManager configured with AuthenticationProvider bean with name authenticationProvider","logger_name":"org.springframework.security.config.annotation.authentication.configuration.InitializeAuthenticationProviderBeanManagerConfigurer$InitializeAuthenticationProviderManagerConfigurer","thread_name":"main","level":"INFO","level_value":20000}
{"@timestamp":"2024-11-29T02:08:47.8088558+05:00","@version":"1","message":"spring.jpa.open-in-view is enabled by default. Therefore, database queries may be performed during view rendering. Explicitly configure spring.jpa.open-in-view to disable this warning","logger_name":"org.springframework.boot.autoconfigure.orm.jpa.JpaBaseConfiguration$JpaWebConfiguration","thread_name":"main","level":"WARN","level_value":30000}
{"@timestamp":"2024-11-29T02:08:49.5343806+05:00","@version":"1","message":"Tomcat started on port 8081 (http) with context path '/'","logger_name":"org.springframework.boot.web.embedded.tomcat.TomcatWebServer","thread_name":"main","level":"INFO","level_value":20000}
{"@timestamp":"2024-11-29T02:08:49.54438+05:00","@version":"1","message":"Started MarketplaceApplication in 8.728 seconds (process running for 9.716)","logger_name":"com.poptsov.marketplace.MarketplaceApplication","thread_name":"main","level":"INFO","level_value":20000}
{"@timestamp":"2024-11-29T02:09:05.8706284+05:00","@version":"1","message":"Closing JPA EntityManagerFactory for persistence unit 'default'","logger_name":"org.springframework.orm.jpa.LocalContainerEntityManagerFactoryBean","thread_name":"SpringApplicationShutdownHook","level":"INFO","level_value":20000}
{"@timestamp":"2024-11-29T02:09:05.8726284+05:00","@version":"1","message":"HikariPool-1 - Shutdown initiated...","logger_name":"com.zaxxer.hikari.HikariDataSource","thread_name":"SpringApplicationShutdownHook","level":"INFO","level_value":20000}
{"@timestamp":"2024-11-29T02:09:05.8776186+05:00","@version":"1","message":"HikariPool-1 - Shutdown completed.","logger_name":"com.zaxxer.hikari.HikariDataSource","thread_name":"SpringApplicationShutdownHook","level":"INFO","level_value":20000}
{"@timestamp":"2024-11-29T17:09:27.5512799+05:00","@version":"1","message":"Starting MarketplaceApplication using Java 17.0.12 with PID 6476 (C:\\Users\\user2\\IdeaProjects\\MarketPlaceDobrograd\\target\\classes started by user2 in C:\\Users\\user2\\IdeaProjects\\MarketPlaceDobrograd)","logger_name":"com.poptsov.marketplace.MarketplaceApplication","thread_name":"main","level":"INFO","level_value":20000}
{"@timestamp":"2024-11-29T17:09:27.5672847+05:00","@version":"1","message":"No active profile set, falling back to 1 default profile: \"default\"","logger_name":"com.poptsov.marketplace.MarketplaceApplication","thread_name":"main","level":"INFO","level_value":20000}
{"@timestamp":"2024-11-29T17:09:28.7882792+05:00","@version":"1","message":"Bootstrapping Spring Data JPA repositories in DEFAULT mode.","logger_name":"org.springframework.data.repository.config.RepositoryConfigurationDelegate","thread_name":"main","level":"INFO","level_value":20000}
{"@timestamp":"2024-11-29T17:09:28.9092785+05:00","@version":"1","message":"Finished Spring Data repository scanning in 111 ms. Found 4 JPA repository interfaces.","logger_name":"org.springframework.data.repository.config.RepositoryConfigurationDelegate","thread_name":"main","level":"INFO","level_value":20000}
{"@timestamp":"2024-11-29T17:09:30.2382808+05:00","@version":"1","message":"Tomcat initialized with port 8081 (http)","logger_name":"org.springframework.boot.web.embedded.tomcat.TomcatWebServer","thread_name":"main","level":"INFO","level_value":20000}
{"@timestamp":"2024-11-29T17:09:30.2592757+05:00","@version":"1","message":"Starting service [Tomcat]","logger_name":"org.apache.catalina.core.StandardService","thread_name":"main","level":"INFO","level_value":20000}
{"@timestamp":"2024-11-29T17:09:30.2592757+05:00","@version":"1","message":"Starting Servlet engine: [Apache Tomcat/10.1.31]","logger_name":"org.apache.catalina.core.StandardEngine","thread_name":"main","level":"INFO","level_value":20000}
{"@timestamp":"2024-11-29T17:09:30.3612823+05:00","@version":"1","message":"Initializing Spring embedded WebApplicationContext","logger_name":"org.apache.catalina.core.ContainerBase.[Tomcat].[localhost].[/]","thread_name":"main","level":"INFO","level_value":20000}
{"@timestamp":"2024-11-29T17:09:30.3622789+05:00","@version":"1","message":"Root WebApplicationContext: initialization completed in 2711 ms","logger_name":"org.springframework.boot.web.servlet.context.ServletWebServerApplicationContext","thread_name":"main","level":"INFO","level_value":20000}
{"@timestamp":"2024-11-29T17:09:30.7422745+05:00","@version":"1","message":"HikariPool-1 - Starting...","logger_name":"com.zaxxer.hikari.HikariDataSource","thread_name":"main","level":"INFO","level_value":20000}
{"@timestamp":"2024-11-29T17:09:30.9982782+05:00","@version":"1","message":"HikariPool-1 - Added connection org.postgresql.jdbc.PgConnection@1682e6a","logger_name":"com.zaxxer.hikari.pool.HikariPool","thread_name":"main","level":"INFO","level_value":20000}
{"@timestamp":"2024-11-29T17:09:31.0002775+05:00","@version":"1","message":"HikariPool-1 - Start completed.","logger_name":"com.zaxxer.hikari.HikariDataSource","thread_name":"main","level":"INFO","level_value":20000}
{"@timestamp":"2024-11-29T17:09:31.2262823+05:00","@version":"1","message":"Set default schema name to public","logger_name":"liquibase.database","thread_name":"main","level":"INFO","level_value":20000}
{"@timestamp":"2024-11-29T17:09:31.8222789+05:00","@version":"1","message":"Reading from public.databasechangelog","logger_name":"liquibase.changelog","thread_name":"main","level":"INFO","level_value":20000}
{"@timestamp":"2024-11-29T17:09:31.8752787+05:00","@version":"1","message":"Database is up to date, no changesets to execute","logger_name":"liquibase.ui","thread_name":"main","level":"INFO","level_value":20000}
{"@timestamp":"2024-11-29T17:09:31.8782807+05:00","@version":"1","message":"Reading from public.databasechangelog","logger_name":"liquibase.changelog","thread_name":"main","level":"INFO","level_value":20000}
{"@timestamp":"2024-11-29T17:09:31.8892767+05:00","@version":"1","message":"UPDATE SUMMARY","logger_name":"liquibase.util","thread_name":"main","level":"INFO","level_value":20000}
{"@timestamp":"2024-11-29T17:09:31.8902775+05:00","@version":"1","message":"Run:                          0","logger_name":"liquibase.util","thread_name":"main","level":"INFO","level_value":20000}
{"@timestamp":"2024-11-29T17:09:31.8902775+05:00","@version":"1","message":"Previously run:               1","logger_name":"liquibase.util","thread_name":"main","level":"INFO","level_value":20000}
{"@timestamp":"2024-11-29T17:09:31.8902775+05:00","@version":"1","message":"Filtered out:                 0","logger_name":"liquibase.util","thread_name":"main","level":"INFO","level_value":20000}
{"@timestamp":"2024-11-29T17:09:31.8902775+05:00","@version":"1","message":"-------------------------------","logger_name":"liquibase.util","thread_name":"main","level":"INFO","level_value":20000}
{"@timestamp":"2024-11-29T17:09:31.8902775+05:00","@version":"1","message":"Total change sets:            1","logger_name":"liquibase.util","thread_name":"main","level":"INFO","level_value":20000}
{"@timestamp":"2024-11-29T17:09:31.8922784+05:00","@version":"1","message":"Update summary generated","logger_name":"liquibase.util","thread_name":"main","level":"INFO","level_value":20000}
{"@timestamp":"2024-11-29T17:09:31.8942818+05:00","@version":"1","message":"Command execution complete","logger_name":"liquibase.command","thread_name":"main","level":"INFO","level_value":20000}
{"@timestamp":"2024-11-29T17:09:32.1182772+05:00","@version":"1","message":"HHH000204: Processing PersistenceUnitInfo [name: default]","logger_name":"org.hibernate.jpa.internal.util.LogHelper","thread_name":"main","level":"INFO","level_value":20000}
{"@timestamp":"2024-11-29T17:09:32.240284+05:00","@version":"1","message":"HHH000412: Hibernate ORM core version 6.5.3.Final","logger_name":"org.hibernate.Version","thread_name":"main","level":"INFO","level_value":20000}
{"@timestamp":"2024-11-29T17:09:32.2942788+05:00","@version":"1","message":"HHH000026: Second-level cache disabled","logger_name":"org.hibernate.cache.internal.RegionFactoryInitiator","thread_name":"main","level":"INFO","level_value":20000}
{"@timestamp":"2024-11-29T17:09:32.7092746+05:00","@version":"1","message":"No LoadTimeWeaver setup: ignoring JPA class transformer","logger_name":"org.springframework.orm.jpa.persistenceunit.SpringPersistenceUnitInfo","thread_name":"main","level":"INFO","level_value":20000}
{"@timestamp":"2024-11-29T17:09:32.7802819+05:00","@version":"1","message":"HHH90000025: PostgreSQLDialect does not need to be specified explicitly using 'hibernate.dialect' (remove the property setting and it will be selected by default)","logger_name":"org.hibernate.orm.deprecation","thread_name":"main","level":"WARN","level_value":30000}
{"@timestamp":"2024-11-29T17:09:34.2752775+05:00","@version":"1","message":"HHH000489: No JTA platform available (set 'hibernate.transaction.jta.platform' to enable JTA platform integration)","logger_name":"org.hibernate.engine.transaction.jta.platform.internal.JtaPlatformInitiator","thread_name":"main","level":"INFO","level_value":20000}
{"@timestamp":"2024-11-29T17:09:34.4152763+05:00","@version":"1","message":"Initialized JPA EntityManagerFactory for persistence unit 'default'","logger_name":"org.springframework.orm.jpa.LocalContainerEntityManagerFactoryBean","thread_name":"main","level":"INFO","level_value":20000}
{"@timestamp":"2024-11-29T17:09:35.4142798+05:00","@version":"1","message":"Hibernate is in classpath; If applicable, HQL parser will be used.","logger_name":"org.springframework.data.jpa.repository.query.QueryEnhancerFactory","thread_name":"main","level":"INFO","level_value":20000}
{"@timestamp":"2024-11-29T17:09:36.9862808+05:00","@version":"1","message":"RUN SERVICE: SERVICE METHOD : com.poptsov.marketplace.service.UserService.userDetailsService\n METHOD ARGUMENTS: [METHOD HAS NO ARGUMENTS]","logger_name":"com.poptsov.marketplace.aop.LoggingAspect","thread_name":"main","level":"INFO","level_value":20000}
{"@timestamp":"2024-11-29T17:09:37.0732776+05:00","@version":"1","message":"SERVICE RETURN RESULT: com.poptsov.marketplace.service.UserService$$Lambda$1649/0x00000297b5b25a98@274010fe","logger_name":"com.poptsov.marketplace.aop.LoggingAspect","thread_name":"main","level":"INFO","level_value":20000}
{"@timestamp":"2024-11-29T17:09:37.0742763+05:00","@version":"1","message":"SERVICE METHOD EXECUTED SUCCESSFULLY: com.poptsov.marketplace.service.UserService.userDetailsService","logger_name":"com.poptsov.marketplace.aop.LoggingAspect","thread_name":"main","level":"INFO","level_value":20000}
{"@timestamp":"2024-11-29T17:09:37.0962763+05:00","@version":"1","message":"Global AuthenticationManager configured with AuthenticationProvider bean with name authenticationProvider","logger_name":"org.springframework.security.config.annotation.authentication.configuration.InitializeAuthenticationProviderBeanManagerConfigurer$InitializeAuthenticationProviderManagerConfigurer","thread_name":"main","level":"INFO","level_value":20000}
{"@timestamp":"2024-11-29T17:09:37.5162756+05:00","@version":"1","message":"spring.jpa.open-in-view is enabled by default. Therefore, database queries may be performed during view rendering. Explicitly configure spring.jpa.open-in-view to disable this warning","logger_name":"org.springframework.boot.autoconfigure.orm.jpa.JpaBaseConfiguration$JpaWebConfiguration","thread_name":"main","level":"WARN","level_value":30000}
{"@timestamp":"2024-11-29T17:09:39.8802765+05:00","@version":"1","message":"Tomcat started on port 8081 (http) with context path '/'","logger_name":"org.springframework.boot.web.embedded.tomcat.TomcatWebServer","thread_name":"main","level":"INFO","level_value":20000}
{"@timestamp":"2024-11-29T17:09:39.8932773+05:00","@version":"1","message":"Started MarketplaceApplication in 13.009 seconds (process running for 15.413)","logger_name":"com.poptsov.marketplace.MarketplaceApplication","thread_name":"main","level":"INFO","level_value":20000}
{"@timestamp":"2024-11-29T19:53:16.6119975+05:00","@version":"1","message":"Initializing Spring DispatcherServlet 'dispatcherServlet'","logger_name":"org.apache.catalina.core.ContainerBase.[Tomcat].[localhost].[/]","thread_name":"http-nio-8081-exec-1","level":"INFO","level_value":20000}
{"@timestamp":"2024-11-29T19:53:16.6249971+05:00","@version":"1","message":"Initializing Servlet 'dispatcherServlet'","logger_name":"org.springframework.web.servlet.DispatcherServlet","thread_name":"http-nio-8081-exec-1","level":"INFO","level_value":20000}
{"@timestamp":"2024-11-29T19:53:16.6619976+05:00","@version":"1","message":"Completed initialization in 37 ms","logger_name":"org.springframework.web.servlet.DispatcherServlet","thread_name":"http-nio-8081-exec-1","level":"INFO","level_value":20000}
{"@timestamp":"2024-11-29T19:53:16.7305123+05:00","@version":"1","message":"doFilterInternal start","logger_name":"com.poptsov.marketplace.security.JwtAuthenticationFilter","thread_name":"http-nio-8081-exec-1","level":"INFO","level_value":20000}
{"@timestamp":"2024-11-29T19:53:16.7315123+05:00","@version":"1","message":"Bearer is not empty, get jwt and extract username from jwt...","logger_name":"com.poptsov.marketplace.security.JwtAuthenticationFilter","thread_name":"http-nio-8081-exec-1","level":"INFO","level_value":20000}
{"@timestamp":"2024-11-29T19:53:16.7325121+05:00","@version":"1","message":"Extracting claim...","logger_name":"com.poptsov.marketplace.security.JwtService","thread_name":"http-nio-8081-exec-1","level":"INFO","level_value":20000}
{"@timestamp":"2024-11-29T19:53:16.7325121+05:00","@version":"1","message":"Extracting all claims...","logger_name":"com.poptsov.marketplace.security.JwtService","thread_name":"http-nio-8081-exec-1","level":"INFO","level_value":20000}
{"@timestamp":"2024-11-29T19:53:16.8435136+05:00","@version":"1","message":"Getting signing key...","logger_name":"com.poptsov.marketplace.security.JwtService","thread_name":"http-nio-8081-exec-1","level":"INFO","level_value":20000}
{"@timestamp":"2024-11-29T19:53:16.9755126+05:00","@version":"1","message":"Failed to extract claims from token: JWT expired 17237973 milliseconds ago at 2024-11-29T10:05:59.000Z. Current time: 2024-11-29T14:53:16.973Z. Allowed clock skew: 0 milliseconds.","logger_name":"com.poptsov.marketplace.security.JwtService","thread_name":"http-nio-8081-exec-1","level":"ERROR","level_value":40000}
{"@timestamp":"2024-11-29T19:53:16.976515+05:00","@version":"1","message":"JWT expired: JWT expired 17237973 milliseconds ago at 2024-11-29T10:05:59.000Z. Current time: 2024-11-29T14:53:16.973Z. Allowed clock skew: 0 milliseconds.","logger_name":"com.poptsov.marketplace.security.JwtAuthenticationFilter","thread_name":"http-nio-8081-exec-1","level":"ERROR","level_value":40000}
{"@timestamp":"2024-11-29T20:05:14.8607934+05:00","@version":"1","message":"Closing JPA EntityManagerFactory for persistence unit 'default'","logger_name":"org.springframework.orm.jpa.LocalContainerEntityManagerFactoryBean","thread_name":"SpringApplicationShutdownHook","level":"INFO","level_value":20000}
{"@timestamp":"2024-11-29T20:05:14.9097868+05:00","@version":"1","message":"HikariPool-1 - Shutdown initiated...","logger_name":"com.zaxxer.hikari.HikariDataSource","thread_name":"SpringApplicationShutdownHook","level":"INFO","level_value":20000}
{"@timestamp":"2024-11-29T20:05:14.9247898+05:00","@version":"1","message":"HikariPool-1 - Shutdown completed.","logger_name":"com.zaxxer.hikari.HikariDataSource","thread_name":"SpringApplicationShutdownHook","level":"INFO","level_value":20000}
